[    0.000000] Initializing cgroup subsys cpuset
[    0.000000] Initializing cgroup subsys cpu
[    0.000000] Initializing cgroup subsys cpuacct
[    0.000000] Linux version 4.4.0-178-generic (buildd@lgw01-amd64-017) (gcc version 5.4.0 20160609 (Ubuntu 5.4.0-6ubuntu1~16.04.12) ) #208-Ubuntu SMP Sun Apr 5 23:45:10 UTC 2020 (Ubuntu 4.4.0-178.208-generic 4.4.217)
[    0.000000] Command line: BOOT_IMAGE=/boot/vmlinuz-4.4.0-178-generic root=LABEL=cloudimg-rootfs ro console=tty1 console=ttyS0
[    0.000000] KERNEL supported cpus:
[    0.000000]   Intel GenuineIntel
[    0.000000]   AMD AuthenticAMD
[    0.000000]   Centaur CentaurHauls
[    0.000000] x86/fpu: xstate_offset[2]:  576, xstate_sizes[2]:  256
[    0.000000] x86/fpu: Supporting XSAVE feature 0x01: 'x87 floating point registers'
[    0.000000] x86/fpu: Supporting XSAVE feature 0x02: 'SSE registers'
[    0.000000] x86/fpu: Supporting XSAVE feature 0x04: 'AVX registers'
[    0.000000] x86/fpu: Enabled xstate features 0x7, context size is 832 bytes, using 'standard' format.
[    0.000000] e820: BIOS-provided physical RAM map:
[    0.000000] BIOS-e820: [mem 0x0000000000000000-0x000000000009fbff] usable
[    0.000000] BIOS-e820: [mem 0x000000000009fc00-0x000000000009ffff] reserved
[    0.000000] BIOS-e820: [mem 0x00000000000f0000-0x00000000000fffff] reserved
[    0.000000] BIOS-e820: [mem 0x0000000000100000-0x000000003ffeffff] usable
[    0.000000] BIOS-e820: [mem 0x000000003fff0000-0x000000003fffffff] ACPI data
[    0.000000] BIOS-e820: [mem 0x00000000fec00000-0x00000000fec00fff] reserved
[    0.000000] BIOS-e820: [mem 0x00000000fee00000-0x00000000fee00fff] reserved
[    0.000000] BIOS-e820: [mem 0x00000000fffc0000-0x00000000ffffffff] reserved
[    0.000000] NX (Execute Disable) protection: active
[    0.000000] SMBIOS 2.5 present.
[    0.000000] Hypervisor detected: KVM
[    0.000000] e820: last_pfn = 0x3fff0 max_arch_pfn = 0x400000000
[    0.000000] MTRR: Disabled
[    0.000000] x86/PAT: MTRRs disabled, skipping PAT initialization too.
[    0.000000] CPU MTRRs all blank - virtualized system.
[    0.000000] x86/PAT: Configuration [0-7]: WB  WT  UC- UC  WB  WT  UC- UC  
[    0.000000] found SMP MP-table at [mem 0x0009fff0-0x0009ffff] mapped at [ffff88000009fff0]
[    0.000000] Scanning 1 areas for low memory corruption
[    0.000000] RAMDISK: [mem 0x362e0000-0x37167fff]
[    0.000000] ACPI: Early table checksum verification disabled
[    0.000000] ACPI: RSDP 0x00000000000E0000 000024 (v02 VBOX  )
[    0.000000] ACPI: XSDT 0x000000003FFF0030 00003C (v01 VBOX   VBOXXSDT 00000001 ASL  00000061)
[    0.000000] ACPI: FACP 0x000000003FFF00F0 0000F4 (v04 VBOX   VBOXFACP 00000001 ASL  00000061)
[    0.000000] ACPI: DSDT 0x000000003FFF0470 0022EA (v02 VBOX   VBOXBIOS 00000002 INTL 20100528)
[    0.000000] ACPI: FACS 0x000000003FFF0200 000040
[    0.000000] ACPI: FACS 0x000000003FFF0200 000040
[    0.000000] ACPI: APIC 0x000000003FFF0240 00005C (v02 VBOX   VBOXAPIC 00000001 ASL  00000061)
[    0.000000] ACPI: SSDT 0x000000003FFF02A0 0001CC (v01 VBOX   VBOXCPUT 00000002 INTL 20100528)
[    0.000000] No NUMA configuration found
[    0.000000] Faking a node at [mem 0x0000000000000000-0x000000003ffeffff]
[    0.000000] NODE_DATA(0) allocated [mem 0x3ffeb000-0x3ffeffff]
[    0.000000] kvm-clock: Using msrs 4b564d01 and 4b564d00
[    0.000000] kvm-clock: cpu 0, msr 0:3ffe3001, primary cpu clock
[    0.000000] kvm-clock: using sched offset of 4026502680 cycles
[    0.000000] clocksource: kvm-clock: mask: 0xffffffffffffffff max_cycles: 0x1cd42e4dffb, max_idle_ns: 881590591483 ns
[    0.000000] Zone ranges:
[    0.000000]   DMA      [mem 0x0000000000001000-0x0000000000ffffff]
[    0.000000]   DMA32    [mem 0x0000000001000000-0x000000003ffeffff]
[    0.000000]   Normal   empty
[    0.000000]   Device   empty
[    0.000000] Movable zone start for each node
[    0.000000] Early memory node ranges
[    0.000000]   node   0: [mem 0x0000000000001000-0x000000000009efff]
[    0.000000]   node   0: [mem 0x0000000000100000-0x000000003ffeffff]
[    0.000000] Initmem setup node 0 [mem 0x0000000000001000-0x000000003ffeffff]
[    0.000000] ACPI: PM-Timer IO Port: 0x4008
[    0.000000] IOAPIC[0]: apic_id 2, version 32, address 0xfec00000, GSI 0-23
[    0.000000] ACPI: INT_SRC_OVR (bus 0 bus_irq 0 global_irq 2 dfl dfl)
[    0.000000] ACPI: INT_SRC_OVR (bus 0 bus_irq 9 global_irq 9 low level)
[    0.000000] Using ACPI (MADT) for SMP configuration information
[    0.000000] smpboot: Allowing 2 CPUs, 0 hotplug CPUs
[    0.000000] PM: Registered nosave memory: [mem 0x00000000-0x00000fff]
[    0.000000] PM: Registered nosave memory: [mem 0x0009f000-0x0009ffff]
[    0.000000] PM: Registered nosave memory: [mem 0x000a0000-0x000effff]
[    0.000000] PM: Registered nosave memory: [mem 0x000f0000-0x000fffff]
[    0.000000] e820: [mem 0x40000000-0xfebfffff] available for PCI devices
[    0.000000] Booting paravirtualized kernel on KVM
[    0.000000] clocksource: refined-jiffies: mask: 0xffffffff max_cycles: 0xffffffff, max_idle_ns: 7645519600211568 ns
[    0.000000] setup_percpu: NR_CPUS:512 nr_cpumask_bits:512 nr_cpu_ids:2 nr_node_ids:1
[    0.000000] PERCPU: Embedded 33 pages/cpu @ffff88003fc00000 s95448 r8192 d31528 u1048576
[    0.000000] Built 1 zonelists in Node order, mobility grouping on.  Total pages: 257912
[    0.000000] Policy zone: DMA32
[    0.000000] Kernel command line: BOOT_IMAGE=/boot/vmlinuz-4.4.0-178-generic root=LABEL=cloudimg-rootfs ro console=tty1 console=ttyS0
[    0.000000] PID hash table entries: 4096 (order: 3, 32768 bytes)
[    0.000000] Memory: 997672K/1048120K available (8626K kernel code, 1336K rwdata, 4036K rodata, 1488K init, 1292K bss, 50448K reserved, 0K cma-reserved)
[    0.000000] SLUB: HWalign=64, Order=0-3, MinObjects=0, CPUs=2, Nodes=1
[    0.000000] Kernel/User page tables isolation: enabled
[    0.000000] Hierarchical RCU implementation.
[    0.000000] 	Build-time adjustment of leaf fanout to 64.
[    0.000000] 	RCU restricting CPUs from NR_CPUS=512 to nr_cpu_ids=2.
[    0.000000] RCU: Adjusting geometry for rcu_fanout_leaf=64, nr_cpu_ids=2
[    0.000000] NR_IRQS:33024 nr_irqs:440 16
[    0.000000] Console: colour VGA+ 80x25
[    0.000000] console [tty1] enabled
[    0.000000] console [ttyS0] enabled
[    0.000000] tsc: Detected 2711.998 MHz processor
[    0.245543] Calibrating delay loop (skipped) preset value.. 5423.99 BogoMIPS (lpj=10847992)
[    0.248006] pid_max: default: 32768 minimum: 301
[    0.249273] ACPI: Core revision 20150930
[    0.253092] ACPI: 2 ACPI AML tables successfully acquired and loaded
[    0.255456] Security Framework initialized
[    0.256577] Yama: becoming mindful.
[    0.257559] AppArmor: AppArmor initialized
[    0.258725] Dentry cache hash table entries: 131072 (order: 8, 1048576 bytes)
[    0.272119] Inode-cache hash table entries: 65536 (order: 7, 524288 bytes)
[    0.277700] Mount-cache hash table entries: 2048 (order: 2, 16384 bytes)
[    0.282833] Mountpoint-cache hash table entries: 2048 (order: 2, 16384 bytes)
[    0.285286] Initializing cgroup subsys io
[    0.286944] Initializing cgroup subsys memory
[    0.288765] Initializing cgroup subsys devices
[    0.289944] Initializing cgroup subsys freezer
[    0.291078] Initializing cgroup subsys net_cls
[    0.292194] Initializing cgroup subsys perf_event
[    0.293420] Initializing cgroup subsys net_prio
[    0.294562] Initializing cgroup subsys hugetlb
[    0.295741] Initializing cgroup subsys pids
[    0.298045] mce: CPU supports 0 MCE banks
[    0.299259] Last level iTLB entries: 4KB 64, 2MB 8, 4MB 8
[    0.300593] Last level dTLB entries: 4KB 64, 2MB 0, 4MB 0, 1GB 4
[    0.302837] Spectre V1 : Mitigation: usercopy/swapgs barriers and __user pointer sanitization
[    0.305268] Spectre V2 : Mitigation: Full generic retpoline
[    0.307147] Spectre V2 : Spectre v2 / SpectreRSB mitigation: Filling RSB on context switch
[    0.309319] Speculative Store Bypass: Vulnerable
[    0.310630] MDS: Vulnerable: Clear CPU buffers attempted, no microcode
[    0.315605] Freeing SMP alternatives memory: 36K
[    0.327185] ftrace: allocating 32308 entries in 127 pages
[    0.419287] smpboot: APIC(0) Converting physical 0 to logical package 0
[    0.421976] smpboot: Max logical packages: 1
[    0.423582] x2apic enabled
[    0.424876] Switched APIC routing to physical x2apic.
[    0.427919] ..TIMER: vector=0x30 apic1=0 pin1=2 apic2=-1 pin2=-1
[    0.537633] APIC calibration not consistent with PM-Timer: 97ms instead of 100ms
[    0.539977] APIC delta adjusted to PM-Timer: 6346069 (6212714)
[    0.541593] smpboot: CPU0: Intel(R) Core(TM) i5-7200U CPU @ 2.50GHz (family: 0x6, model: 0x8e, stepping: 0x9)
[    0.544560] Performance Events: unsupported p6 CPU model 142 no PMU driver, software events only.
[    0.558663] KVM setup paravirtual spinlock
[    0.560640] x86: Booting SMP configuration:
[    0.561846] .... node  #0, CPUs:      #1
[    0.562999] kvm-clock: cpu 1, msr 0:3ffe3041, secondary cpu clock
[    0.565093] mce: CPU supports 0 MCE banks
[    0.568107] x86: Booted up 1 node, 2 CPUs
[    0.571922] smpboot: Total of 2 processors activated (10847.99 BogoMIPS)
[    0.575516] devtmpfs: initialized
[    0.578816] evm: security.selinux
[    0.580153] evm: security.SMACK64
[    0.581510] evm: security.SMACK64EXEC
[    0.582949] evm: security.SMACK64TRANSMUTE
[    0.584706] evm: security.SMACK64MMAP
[    0.586377] evm: security.ima
[    0.588227] evm: security.capability
[    0.590048] clocksource: jiffies: mask: 0xffffffff max_cycles: 0xffffffff, max_idle_ns: 7645041785100000 ns
[    0.594000] futex hash table entries: 512 (order: 3, 32768 bytes)
[    0.596373] pinctrl core: initialized pinctrl subsystem
[    0.598461] RTC time: 10:13:12, date: 06/15/20
[    0.600405] NET: Registered protocol family 16
[    0.615858] cpuidle: using governor ladder
[    0.628549] cpuidle: using governor menu
[    0.629890] PCCT header not found.
[    0.631190] ACPI: bus type PCI registered
[    0.632597] acpiphp: ACPI Hot Plug PCI Controller Driver version: 0.5
[    0.636164] PCI: Using configuration type 1 for base access
[    0.656305] ACPI: Added _OSI(Module Device)
[    0.658542] ACPI: Added _OSI(Processor Device)
[    0.660212] ACPI: Added _OSI(3.0 _SCP Extensions)
[    0.661853] ACPI: Added _OSI(Processor Aggregator Device)
[    0.664719] ACPI: Executed 1 blocks of module-level executable AML code
[    0.670727] ACPI: Interpreter enabled
[    0.672745] ACPI: (supports S0 S5)
[    0.674178] ACPI: Using IOAPIC for interrupt routing
[    0.676179] PCI: Using host bridge windows from ACPI; if necessary, use "pci=nocrs" and report a bug
[    0.684293] ACPI: PCI Root Bridge [PCI0] (domain 0000 [bus 00-ff])
[    0.692161] acpi PNP0A03:00: _OSC: OS supports [ASPM ClockPM Segments MSI]
[    0.695115] acpi PNP0A03:00: _OSC: not requesting OS control; OS requires [ExtendedConfig ASPM ClockPM MSI]
[    0.698776] acpi PNP0A03:00: fail to add MMCONFIG information, can't access extended PCI configuration space under this bridge.
[    0.704419] PCI host bridge to bus 0000:00
[    0.707263] pci_bus 0000:00: root bus resource [io  0x0000-0x0cf7 window]
[    0.709089] pci_bus 0000:00: root bus resource [io  0x0d00-0xffff window]
[    0.710680] pci_bus 0000:00: root bus resource [mem 0x000a0000-0x000bffff window]
[    0.712654] pci_bus 0000:00: root bus resource [mem 0x40000000-0xfdffffff window]
[    0.715044] pci_bus 0000:00: root bus resource [bus 00-ff]
[    0.720566] pci 0000:00:01.1: legacy IDE quirk: reg 0x10: [io  0x01f0-0x01f7]
[    0.741058] pci 0000:00:01.1: legacy IDE quirk: reg 0x14: [io  0x03f6]
[    0.742748] pci 0000:00:01.1: legacy IDE quirk: reg 0x18: [io  0x0170-0x0177]
[    0.744391] pci 0000:00:01.1: legacy IDE quirk: reg 0x1c: [io  0x0376]
[    0.772498] pci 0000:00:07.0: quirk: [io  0x4000-0x403f] claimed by PIIX4 ACPI
[    0.775816] pci 0000:00:07.0: quirk: [io  0x4100-0x410f] claimed by PIIX4 SMB
[    0.797069] ACPI: PCI Interrupt Link [LNKA] (IRQs 5 9 10 *11)
[    0.799150] ACPI: PCI Interrupt Link [LNKB] (IRQs 5 9 *10 11)
[    0.801155] ACPI: PCI Interrupt Link [LNKC] (IRQs 5 *9 10 11)
[    0.804493] ACPI: PCI Interrupt Link [LNKD] (IRQs 5 9 10 *11)
[    0.806588] ACPI: Enabled 2 GPEs in block 00 to 07
[    0.808110] vgaarb: setting as boot device: PCI:0000:00:02.0
[    0.809453] vgaarb: device added: PCI:0000:00:02.0,decodes=io+mem,owns=io+mem,locks=none
[    0.811561] vgaarb: loaded
[    0.812380] vgaarb: bridge control possible 0000:00:02.0
[    0.813969] SCSI subsystem initialized
[    0.815110] ACPI: bus type USB registered
[    0.816458] usbcore: registered new interface driver usbfs
[    0.817833] usbcore: registered new interface driver hub
[    0.821770] usbcore: registered new device driver usb
[    0.824226] PCI: Using ACPI for IRQ routing
[    0.826014] NetLabel: Initializing
[    0.827039] NetLabel:  domain hash size = 128
[    0.828162] NetLabel:  protocols = UNLABELED CIPSOv4
[    0.839856] NetLabel:  unlabeled traffic allowed by default
[    0.841432] amd_nb: Cannot enumerate AMD northbridges
[    0.843021] clocksource: Switched to clocksource kvm-clock
[    0.874473] AppArmor: AppArmor Filesystem Enabled
[    0.875934] pnp: PnP ACPI init
[    0.877734] pnp: PnP ACPI: found 3 devices
[    0.888124] clocksource: acpi_pm: mask: 0xffffff max_cycles: 0xffffff, max_idle_ns: 2085701024 ns
[    0.890381] NET: Registered protocol family 2
[    0.891719] TCP established hash table entries: 8192 (order: 4, 65536 bytes)
[    0.893438] TCP bind hash table entries: 8192 (order: 5, 131072 bytes)
[    0.895091] TCP: Hash tables configured (established 8192 bind 8192)
[    0.896984] UDP hash table entries: 512 (order: 2, 16384 bytes)
[    0.898500] UDP-Lite hash table entries: 512 (order: 2, 16384 bytes)
[    0.900197] NET: Registered protocol family 1
[    0.901439] pci 0000:00:00.0: Limiting direct PCI/PCI transfers
[    0.904005] pci 0000:00:01.0: Activating ISA DMA hang workarounds
[    0.905617] Unpacking initramfs...
[    1.377292] Freeing initrd memory: 14880K
[    1.378598] clocksource: tsc: mask: 0xffffffffffffffff max_cycles: 0x27178451938, max_idle_ns: 440795251172 ns
[    1.381240] platform rtc_cmos: registered platform RTC device (no PNP device found)
[    1.383244] Scanning for low memory corruption every 60 seconds
[    1.385065] audit: initializing netlink subsys (disabled)
[    1.388295] audit: type=2000 audit(1592215998.671:1): initialized
[    1.390105] Initialise system trusted keyring
[    1.391573] HugeTLB registered 2 MB page size, pre-allocated 0 pages
[    1.394493] zbud: loaded
[    1.396053] VFS: Disk quotas dquot_6.6.0
[    1.397247] VFS: Dquot-cache hash table entries: 512 (order 0, 4096 bytes)
[    1.399212] squashfs: version 4.0 (2009/01/31) Phillip Lougher
[    1.401079] fuse init (API version 7.23)
[    1.402603] Key type big_key registered
[    1.406448] Allocating IMA MOK and blacklist keyrings.
[    1.411043] Key type asymmetric registered
[    1.412152] Asymmetric key parser 'x509' registered
[    1.413401] Block layer SCSI generic (bsg) driver version 0.4 loaded (major 249)
[    1.415442] io scheduler noop registered
[    1.416531] io scheduler deadline registered (default)
[    1.417839] io scheduler cfq registered
[    1.419230] pci_hotplug: PCI Hot Plug PCI Core version: 0.5
[    1.421814] pciehp: PCI Express Hot Plug Controller Driver version: 0.4
[    1.423706] ACPI: AC Adapter [AC] (on-line)
[    1.424840] input: Power Button as /devices/LNXSYSTM:00/LNXPWRBN:00/input/input0
[    1.427355] ACPI: Power Button [PWRF]
[    1.428493] input: Sleep Button as /devices/LNXSYSTM:00/LNXSLPBN:00/input/input1
[    1.430413] ACPI: Sleep Button [SLPF]
[    1.432313] ACPI: Battery Slot [BAT0] (battery present)
[    1.433584] GHES: HEST is not enabled!
[    1.434695] Serial: 8250/16550 driver, 32 ports, IRQ sharing enabled
[    1.459822] 00:02: ttyS0 at I/O 0x3f8 (irq = 4, base_baud = 115200) is a 16550A
[    1.462851] Linux agpgart interface v0.103
[    1.465446] loop: module loaded
[    1.467084] scsi host0: ata_piix
[    1.468192] scsi host1: ata_piix
[    1.469508] ata1: PATA max UDMA/33 cmd 0x1f0 ctl 0x3f6 bmdma 0xd000 irq 14
[    1.472321] ata2: PATA max UDMA/33 cmd 0x170 ctl 0x376 bmdma 0xd008 irq 15
[    1.474219] libphy: Fixed MDIO Bus: probed
[    1.475816] tun: Universal TUN/TAP device driver, 1.6
[    1.477309] tun: (C) 1999-2004 Max Krasnyansky <maxk@qualcomm.com>
[    1.478978] PPP generic driver version 2.4.2
[    1.480281] ehci_hcd: USB 2.0 'Enhanced' Host Controller (EHCI) Driver
[    1.482252] ehci-pci: EHCI PCI platform driver
[    1.483827] ehci-platform: EHCI generic platform driver
[    1.485317] ohci_hcd: USB 1.1 'Open' Host Controller (OHCI) Driver
[    1.488461] ohci-pci: OHCI PCI platform driver
[    1.489606] ohci-platform: OHCI generic platform driver
[    1.490872] uhci_hcd: USB Universal Host Controller Interface driver
[    1.492451] i8042: PNP: PS/2 Controller [PNP0303:PS2K,PNP0f03:PS2M] at 0x60,0x64 irq 1,12
[    1.495390] serio: i8042 KBD port at 0x60,0x64 irq 1
[    1.496626] serio: i8042 AUX port at 0x60,0x64 irq 12
[    1.497996] mousedev: PS/2 mouse device common for all mice
[    1.499882] rtc_cmos rtc_cmos: rtc core: registered rtc_cmos as rtc0
[    1.501490] input: AT Translated Set 2 keyboard as /devices/platform/i8042/serio0/input/input2
[    1.505730] rtc_cmos rtc_cmos: alarms up to one day, 114 bytes nvram
[    1.508132] i2c /dev entries driver
[    1.509207] device-mapper: uevent: version 1.0.3
[    1.510685] device-mapper: ioctl: 4.34.0-ioctl (2015-10-28) initialised: dm-devel@redhat.com
[    1.513235] ledtrig-cpu: registered to indicate activity on CPUs
[    1.515345] NET: Registered protocol family 10
[    1.516809] NET: Registered protocol family 17
[    1.518061] Key type dns_resolver registered
[    1.521429] registered taskstats version 1
[    1.523168] Loading compiled-in X.509 certificates
[    1.525504] Loaded X.509 cert 'Build time autogenerated kernel key: f33c437cc9123d9712070bdfe932b55b24c56047'
[    1.531776] zswap: loaded using pool lzo/zbud
[    1.540830] Key type trusted registered
[    1.545426] Key type encrypted registered
[    1.546894] AppArmor: AppArmor sha1 policy hashing enabled
[    1.548426] ima: No TPM chip found, activating TPM-bypass!
[    1.549856] ima: Allocated hash algorithm: sha1
[    1.551151] evm: HMAC attrs: 0x1
[    1.552991]   Magic number: 8:354:224
[    1.554933] rtc_cmos rtc_cmos: setting system clock to 2020-06-15 10:13:13 UTC (1592215993)
[    1.557747] BIOS EDD facility v0.16 2004-Jun-25, 0 devices found
[    1.559301] EDD information not available.
[    1.937994] Freeing unused kernel memory: 1488K
[    1.948683] Write protecting the kernel read-only data: 14336k
[    1.966258] Freeing unused kernel memory: 1604K
[    1.975432] Freeing unused kernel memory: 60K
Loading, please wait...
starting version 229
[    1.995656] random: systemd-udevd: uninitialized urandom read (16 bytes read, 3 bits of entropy available)
[    1.996374] random: udevadm: uninitialized urandom read (16 bytes read, 3 bits of entropy available)
[    1.996409] random: udevadm: uninitialized urandom read (16 bytes read, 3 bits of entropy available)
[    2.007449] random: systemd-udevd: uninitialized urandom read (16 bytes read, 3 bits of entropy available)
[    2.008859] random: udevadm: uninitialized urandom read (16 bytes read, 3 bits of entropy available)
[    2.008917] random: udevadm: uninitialized urandom read (16 bytes read, 3 bits of entropy available)
[    2.009110] random: udevadm: uninitialized urandom read (16 bytes read, 3 bits of entropy available)
[    2.009177] random: udevadm: uninitialized urandom read (16 bytes read, 3 bits of entropy available)
[    2.009245] random: udevadm: uninitialized urandom read (16 bytes read, 3 bits of entropy available)
[    2.009315] random: udevadm: uninitialized urandom read (16 bytes read, 3 bits of entropy available)
[    2.070243] e1000: Intel(R) PRO/1000 Network Driver - version 7.3.21-k8-NAPI
[    2.072780] e1000: Copyright (c) 1999-2006 Intel Corporation.
[    2.079718] Fusion MPT base driver 3.04.20
[    2.081002] Copyright (c) 1999-2008 LSI Corporation
[    2.090838] Fusion MPT SPI Host driver 3.04.20
[    2.103133] AVX2 version of gcm_enc/dec engaged.
[    2.106443] AES CTR mode by8 optimization enabled
[    2.285754] input: ImExPS/2 Generic Explorer Mouse as /devices/platform/i8042/serio1/input/input4
[    2.545305] e1000 0000:00:03.0 eth0: (PCI:33MHz:32-bit) 02:bc:94:f1:bf:de
[    2.546987] e1000 0000:00:03.0 eth0: Intel(R) PRO/1000 Network Connection
[    2.549336] mptbase: ioc0: Initiating bringup
[    2.611757] ioc0: LSI53C1030 A0: Capabilities={Initiator}
[    2.777639] scsi host2: ioc0: LSI53C1030 A0, FwRev=00000000h, Ports=1, MaxQ=256, IRQ=20
[    2.896221] scsi 2:0:0:0: Direct-Access     VBOX     HARDDISK         1.0  PQ: 0 ANSI: 5
[    2.899442] scsi target2:0:0: Beginning Domain Validation
[    2.902938] scsi target2:0:0: Domain Validation skipping write tests
[    2.905351] scsi target2:0:0: Ending Domain Validation
[    2.909215] scsi target2:0:0: asynchronous
[    2.911635] scsi 2:0:1:0: Direct-Access     VBOX     HARDDISK         1.0  PQ: 0 ANSI: 5
[    2.914747] scsi target2:0:1: Beginning Domain Validation
[    2.918035] scsi target2:0:1: Domain Validation skipping write tests
[    2.946951] scsi target2:0:1: Ending Domain Validation
[    2.949030] scsi target2:0:1: asynchronous
[    2.968550] sd 2:0:0:0: Attached scsi generic sg0 type 0
[    2.972954] sd 2:0:1:0: [sdb] 20480 512-byte logical blocks: (10.5 MB/10.0 MiB)
[    2.977301] sd 2:0:0:0: [sda] 20971520 512-byte logical blocks: (10.7 GB/10.0 GiB)
[    2.980581] sd 2:0:1:0: Attached scsi generic sg1 type 0
[    2.983426] sd 2:0:0:0: [sda] Write Protect is off
[    2.985495] sd 2:0:1:0: [sdb] Write Protect is off
[    2.987919] sd 2:0:0:0: [sda] Incomplete mode parameter data
[    2.991825] sd 2:0:0:0: [sda] Assuming drive cache: write through
[    2.994509] sd 2:0:1:0: [sdb] Incomplete mode parameter data
[    2.997065] sd 2:0:1:0: [sdb] Assuming drive cache: write through
[    3.001106]  sda: sda1
[    3.002970] sd 2:0:0:0: [sda] Attached SCSI disk
[    3.008784] sd 2:0:1:0: [sdb] Attached SCSI disk
[    3.392431] e1000 0000:00:08.0 eth1: (PCI:33MHz:32-bit) 08:00:27:6a:7c:5c
[    3.394239] e1000 0000:00:08.0 eth1: Intel(R) PRO/1000 Network Connection
[    3.396850] e1000 0000:00:03.0 enp0s3: renamed from eth0
[    3.408973] e1000 0000:00:08.0 enp0s8: renamed from eth1
Begin: Loading essential drivers ... [    5.055064] md: linear personality registered for level -1
[    5.060502] md: multipath personality registered for level -4
[    5.064273] md: raid0 personality registered for level 0
[    5.069728] md: raid1 personality registered for level 1
[    5.147245] raid6: sse2x1   gen()  8958 MB/s
[    5.216096] raid6: sse2x1   xor()  6629 MB/s
[    5.283042] raid6: sse2x2   gen()  8279 MB/s
[    5.352246] raid6: sse2x2   xor()  6681 MB/s
[    5.419114] raid6: sse2x4   gen() 12347 MB/s
[    5.487040] raid6: sse2x4   xor()  6897 MB/s
[    5.555308] raid6: avx2x1   gen() 14160 MB/s
[    5.623209] raid6: avx2x2   gen() 16107 MB/s
[    5.692137] raid6: avx2x4   gen() 17248 MB/s
[    5.695415] raid6: using algorithm avx2x4 gen() 17248 MB/s
[    5.698537] raid6: using avx2x2 recovery algorithm
[    5.701291] xor: automatically using best checksumming function:
[    5.739417]    avx       : 23859.000 MB/sec
[    5.745113] async_tx: api initialized (async)
[    5.761118] md: raid6 personality registered for level 6
[    5.762870] md: raid5 personality registered for level 5
[    5.764644] md: raid4 personality registered for level 4
[    5.773269] md: raid10 personality registered for level 10
done.
Begin: Running /scripts/init-premount ... done.
Begin: Mounting root file system ... Begin: Running /scripts/local-top ... done.
Begin: Running /scripts/local-premount ... [    5.819612] Btrfs loaded
Scanning for Btrfs filesystems
done.
Warning: fsck not present, so skipping root file system
[    5.872495] EXT4-fs (sda1): mounted filesystem with ordered data mode. Opts: (null)
done.
Begin: Running /scripts/local-bottom ... done.
Begin: Running /scripts/init-bottom ... done.
[    6.013812] systemd[1]: systemd 229 running in system mode. (+PAM +AUDIT +SELINUX +IMA +APPARMOR +SMACK +SYSVINIT +UTMP +LIBCRYPTSETUP +GCRYPT +GNUTLS +ACL +XZ -LZ4 +SECCOMP +BLKID +ELFUTILS +KMOD -IDN)
[    6.019210] systemd[1]: Detected virtualization oracle.
[    6.021119] systemd[1]: Detected architecture x86-64.

Welcome to [1mUbuntu 16.04.6 LTS[0m!

[    6.030614] systemd[1]: Set hostname to <ubuntu>.
[    6.035468] systemd[1]: Initializing machine ID from random generator.
[    6.037260] systemd[1]: Installed transient /etc/machine-id file.
[    6.219725] systemd[1]: Listening on udev Kernel Socket.
[[0;32m  OK  [0m] Listening on udev Kernel Socket.
[    6.222567] systemd[1]: Listening on LVM2 poll daemon socket.
[[0;32m  OK  [0m] Listening on LVM2 poll daemon socket.
[    6.227344] systemd[1]: Reached target Swap.
[[0;32m  OK  [0m] Reached target Swap.
[    6.230264] systemd[1]: Listening on LVM2 metadata daemon socket.
[[0;32m  OK  [0m] Listening on LVM2 metadata daemon socket.
[    6.233922] systemd[1]: Reached target Encrypted Volumes.
[[0;32m  OK  [0m] Reached target Encrypted Volumes.
[    6.236588] systemd[1]: Listening on Journal Audit Socket.
[[0;32m  OK  [0m] Listening on Journal Audit Socket.
[    6.239635] systemd[1]: Reached target System Time Synchronized.
[[0;32m  OK  [0m] Reached target System Time Synchronized.
[    6.252155] systemd[1]: Created slice System Slice.
[[0;32m  OK  [0m] Created slice System Slice.
[    6.255706] systemd[1]: Created slice system-serial\x2dgetty.slice.
[[0;32m  OK  [0m] Created slice system-serial\x2dgetty.slice.
[    6.260546] systemd[1]: Started Trigger resolvconf update for networkd DNS.
[[0;32m  OK  [0m] Started Trigger resolvconf update for networkd DNS.
[    6.264769] systemd[1]: Reached target User and Group Name Lookups.
[[0;32m  OK  [0m] Reached target User and Group Name Lookups.
[    6.268212] systemd[1]: Listening on Syslog Socket.
[[0;32m  OK  [0m] Listening on Syslog Socket.
[    6.270766] systemd[1]: Listening on Device-mapper event daemon FIFOs.
[[0;32m  OK  [0m] Listening on Device-mapper event daemon FIFOs.
[    6.274153] systemd[1]: Listening on Journal Socket (/dev/log).
[[0;32m  OK  [0m] Listening on Journal Socket (/dev/log).
[    6.281986] systemd[1]: Listening on Journal Socket.
[[0;32m  OK  [0m] Listening on Journal Socket.
[    6.295681] systemd[1]: Mounting Huge Pages File System...
         Mounting Huge Pages File System...
[    6.299569] systemd[1]: Starting Monitoring of LVM2 mirrors, snapshots etc. using dmeventd or progress polling...
         Starting Monitoring of LVM2 mirrors... dmeventd or progress polling...
[    6.305116] systemd[1]: Starting Journal Service...
         Starting Journal Service...
[    6.312835] systemd[1]: Starting Set console keymap...
         Starting Set console keymap...
[    6.318077] systemd[1]: Starting Uncomplicated firewall...
         Starting Uncomplicated firewall...
[    6.324766] systemd[1]: Starting Load Kernel Modules...
         Starting Load Kernel Modules...
[    6.349002] systemd[1]: Starting Nameserver information manager...
         Starting Nameserver information manager...
[    6.372685] systemd[1]: Starting Remount Root and Kernel File Systems...
         Starting Remount Root and Kernel File Systems...
[    6.380266] systemd[1]: Starting Create list of required static device nodes for the current kernel...
         Starting Create list of required st... nodes for the current kernel...
[    6.387196] systemd[1]: Listening on /dev/initctl Compatibility Named Pipe.
[    6.388580] EXT4-fs (sda1): re-mounted. Opts: (null)
[    6.396182] Loading iSCSI transport class v2.0-870.
[[0;32m  OK  [0m] Listening on /dev/initctl Compatibility Named Pipe.
[    6.403039] systemd[1]: Mounting Debug File System...
         Mounting Debug File System...
[    6.408406] systemd[1]: Set up automount Arbitrary Executable File Formats File System Automount Point.
[[0;32m  OK  [0m] Set up automount Arbitrary Executab...ats File System Automount Point.
[    6.435772] systemd[1]: Started Forward Password Requests to Wall Directory Watch.
[[0;32m  OK  [0m] Started Forward Password Requests to Wall Directory Watch.
[    6.448643] systemd[1]: Created slice User and Session Slice.
[    6.453485] iscsi: registered transport (tcp)
[[0;32m  OK  [0m] Created slice User and Session Slice.
[    6.463298] systemd[1]: Reached target Slices.
[[0;32m  OK  [0m] Reached target Slices.
[    6.474867] systemd[1]: Listening on udev Control Socket.
[[0;32m  OK  [0m] Listening on udev Control Socket.
[    6.511427] systemd[1]: Mounting POSIX Message Queue File System...
         Mounting POSIX Message Queue File System...
[    6.520153] systemd[1]: Mounted Huge Pages File System.
[[0;32m  OK  [0m] Mounted Huge Pages File System.
[    6.552905] systemd[1]: Mounted Debug File System.
[[0;32m  OK  [0m] Mounted Debug File System.
[    6.559940] systemd[1]: Mounted POSIX Message Queue File System.
[[0;32m  OK  [0m] Mounted POSIX Message Queue File System.
[    6.569689] systemd[1]: Started Journal Service.
[[0;32m  OK  [0m] Started Journal Service.
[[0;32m  OK  [0m] Started Set console keymap.
[[0;32m  OK  [0m] Started Uncomplicated firewall.
[    6.586108] iscsi: registered transport (iser)
[[0;32m  OK  [0m] Started Load Kernel Modules.
[[0;32m  OK  [0m] Started Remount Root and Kernel File Systems.
[[0;32m  OK  [0m] Started Create list of required sta...ce nodes for the current kernel.
[[0;32m  OK  [0m] Started Nameserver information manager.
[[0;32m  OK  [0m] Started LVM2 metadata daemon.
         Starting Create Static Device Nodes in /dev...
         Starting udev Coldplug all Devices...
         Starting Load/Save Random Seed...
         Mounting FUSE Control File System...
         Starting Apply Kernel Variables...
         Starting Flush Journal to Persistent Storage...
[[0;32m  OK  [0m] Mounted FUSE Control File System.
[[0;32m  OK  [0m] Started Load/Save Random Seed.
[    6.696701] random: nonblocking pool is initialized
[[0;32m  OK  [0m] Started Create Static Device Nodes in /dev.
[[0;32m  OK  [0m] Started Apply Kernel Variables.
         Starting udev Kernel Device Manager...
[[0;32m  OK  [0m] Started Flush Journal to Persistent Storage.
[[0;32m  OK  [0m] Started udev Coldplug all Devices.
[[0;32m  OK  [0m] Started udev Kernel Device Manager.
[[0;32m  OK  [0m] Started Dispatch Password Requests to Console Directory Watch.
[[0;32m  OK  [0m] Started Monitoring of LVM2 mirrors,...ng dmeventd or progress polling.
[[0;32m  OK  [0m] Reached target Local File Systems (Pre).
[[0;32m  OK  [0m] Reached target Local File Systems.
         Starting Create Volatile Files and Directories...
         Starting LSB: AppArmor initialization...
         Starting Set console font and keymap...
         Starting Tell Plymouth To Write Out Runtime Data...
         Starting Commit a transient machine-id on disk...
         Starting Initial cloud-init job (pre-networking)...
[[0;32m  OK  [0m] Started Create Volatile Files and Directories.
[[0;32m  OK  [0m] Started Tell Plymouth To Write Out Runtime Data.
         Starting Update UTMP about System Boot/Shutdown...
[[0;32m  OK  [0m] Started Commit a transient machine-id on disk.
[[0;32m  OK  [0m] Started Update UTMP about System Boot/Shutdown.
[[0;32m  OK  [0m] Found device /dev/ttyS0.
[[0;32m  OK  [0m] Listening on Load/Save RF Kill Switch Status /dev/rfkill Watch.
[    9.453973] cloud-init[500]: Cloud-init v. 19.4-33-gbb4131a2-0ubuntu1~16.04.1 running 'init-local' at Mon, 15 Jun 2020 10:13:20 +0000. Up 8.70 seconds.
[[0;32m  OK  [0m] Started Initial cloud-init job (pre-networking).
[[0;32m  OK  [0m] Reached target Network (Pre).
[[0;32m  OK  [0m] Started Set console font and keymap.
[[0;32m  OK  [0m] Created slice system-getty.slice.
[[0;32m  OK  [0m] Started LSB: AppArmor initialization.
         Starting Raise network interfaces...
[[0;32m  OK  [0m] Started Raise network interfaces.
         Starting Initial cloud-init job (metadata service crawler)...
[[0;32m  OK  [0m] Reached target Network.
[   12.116802] cloud-init[966]: Cloud-init v. 19.4-33-gbb4131a2-0ubuntu1~16.04.1 running 'init' at Mon, 15 Jun 2020 10:13:23 +0000. Up 11.22 seconds.
[   12.132662] cloud-init[966]: ci-info: ++++++++++++++++++++++++++++++++++++++Net device info+++++++++++++++++++++++++++++++++++++++
[   12.138683] cloud-init[966]: ci-info: +--------+-------+----------------------------+---------------+--------+-------------------+
[   12.144001] cloud-init[966]: ci-info: | Device |   Up  |          Address           |      Mask     | Scope  |     Hw-Address    |
[   12.147586] cloud-init[966]: ci-info: +--------+-------+----------------------------+---------------+--------+-------------------+
[   12.155772] cloud-init[966]: ci-info: | enp0s3 |  True |         10.0.2.15          | 255.255.255.0 | global | 02:bc:94:f1:bf:de |
[   12.160452] cloud-init[966]: ci-info: | enp0s3 |  True | fe80::bc:94ff:fef1:bfde/64 |       .       |  link  | 02:bc:94:f1:bf:de |
[   12.165195] cloud-init[966]: ci-info: | enp0s8 | False |             .              |       .       |   .    | 08:00:27:6a:7c:5c |
[   12.174546] cloud-init[966]: ci-info: |   lo   |  True |         127.0.0.1          |   255.0.0.0   |  host  |         .         |
[   12.177796] cloud-init[966]: ci-info: |   lo   |  True |          ::1/128           |       .       |  host  |         .         |
[   12.182561] cloud-init[966]: ci-info: +--------+-------+----------------------------+---------------+--------+-------------------+
[   12.186350] cloud-init[966]: ci-info: +++++++++++++++++++++++++++Route IPv4 info++++++++++++++++++++++++++++
[   12.190328] cloud-init[966]: ci-info: +-------+-------------+----------+---------------+-----------+-------+
[   12.203885] cloud-init[966]: ci-info: | Route | Destination | Gateway  |    Genmask    | Interface | Flags |
[   12.210794] cloud-init[966]: ci-info: +-------+-------------+----------+---------------+-----------+-------+
[   12.215012] cloud-init[966]: ci-info: |   0   |   0.0.0.0   | 10.0.2.2 |    0.0.0.0    |   enp0s3  |   UG  |
[   12.219200] cloud-init[966]: ci-info: |   1   |   10.0.2.0  | 0.0.0.0  | 255.255.255.0 |   enp0s3  |   U   |
[   12.223683] cloud-init[966]: ci-info: +-------+-------------+----------+---------------+-----------+-------+
[   12.228339] [[0;32m  OK  [0m] Started Initial cloud-init job (metadata service crawler).
[[0;32m  OK  [0m] Reached target System Initialization.
[[0;32m  OK  [0m] Listening on D-Bus System Message Bus Socket.
         Starting Socket activation for snappy daemon.
[[0;32m  OK  [0m] Started Message of the Day.
[[0;32m  OK  [0m] Listening on ACPID Listen Socket.
cloud-init[966]: ci-info: +++++++++++++++++++Route IPv6 info+++++++++++++++++++[[0;32m  OK  [0m] Started ACPI Events Check.

[   12.238550] [[0;32m  OK  [0m] Reached target Paths.
[[0;32m  OK  [0m] Started Daily Cleanup of Temporary Directories.
[[0;32m  OK  [0m] Started Daily apt download activities.
[[0;32m  OK  [0m] Started Daily apt upgrade and clean activities.
[[0;32m  OK  [0m] Reached target Timers.
[[0;32m  OK  [0m] Listening on UUID daemon activation socket.
cloud-init[966]:          Starting LXD - unix socket.
[[0;32m  OK  [0m] Reached target Cloud-config availability.
[[0;32m  OK  [0m] Reached target Network is Online.
ci-info: +-------+-------------+---------+-----------+-------+
[   12.252399] cloud-init[966]: ci-info: | Route | Destination | Gateway | Interface | Flags |
[   12.255493] cloud-init[966]: ci-info: +-------+-------------+---------+-----------+-------+
         Starting iSCSI initiator daemon (iscsid)...
[[0;32m  OK  [0m] Listening on Socket activation for snappy daemon.
[[0;32m  OK  [0m] Listening on LXD - unix socket.
[   12.271103] cloud-init[966]: ci-info: |   0   |  fe80::/64  |    ::   |   enp0s3  |   U   |
[   12.277028] cloud-init[966]: ci-info: |   3   |   ff00::/8  |    ::   |   enp0s3  |   U   |
[   12.277906] cloud-init[966]: ci-info: +-------+-------------+---------+-----------+-------+
[   12.278724] cloud-init[966]: Generating public/private rsa key pair.
[   12.279368] cloud-init[966]: Your identification has been saved in /etc/ssh/ssh_host_rsa_key.
[   12.279653] cloud-init[[0;32m  OK  [0m] Reached target Sockets.
[[0;32m  OK  [0m] Reached target Basic System.
[966]: Your public key has been saved in /etc/ssh/ssh_host_rsa_key.pub.
[   12.296457] cloud-init[966]: The key fingerprint is:
[   12.298452] cloud-init[966]: SHA256:HvBBkc0d8FHrgSf+YbICLcF0zYM42X7vk7jvv9MT1Bw root@ubuntu-xenial
         Starting System Logging Service...
[   12.298773] cloud-init[966]: The key's randomart image is:
[   12.308730] cloud-init[966]: +---[RSA 2048]----+
[   12.309094] cloud-init[966]: |        +Oo*oo.  |
[   12.309929] cloud-init[966]: |       +=.=.=o E |
         Starting LSB: Record successful boot for GRUB...
[[0;32m  OK  [0m] Started FUSE filesystem for LXC.
[   12.310620] cloud-init[966]: |      . +o  +.+.o|
         Starting LXD - container startup/shutdown...
[   12.323683] cloud-init[966]: |       o +...+ oo|
[   12.326975] cloud-init[966]: |        S ..o.=  |
[   12.329472] cloud-init[966]: |       . +   =.o |
[   12.329942] cloud-init[966]: |        . . .o..o|
[   12.330364] cloud-init[966]: |           .. +o.|
[   12.331963] cloud-init[966]: |            .+o+=|
[   12.338743] cloud-init[966]: +----[SHA256]-----+
[   12.339335] cloud-init[966]: Generating public/private dsa key pair.
[   12.340675] cloud-init[966]: Your identification has been saved in /etc/ssh/ssh_host_dsa_key.
[   12.341833] cloud-init[966]: Your public key has been saved in /etc/ssh/ssh_host_dsa_key.pub.
[   12.342388] cloud-init[966]: The key fingerprint is:
[   12.342972] cloud-init[966]: SHA256:ePsabibwichhiaB/nXNZB4RTX1utHTrAIxqXKzmxcB0 root@ubuntu-xenial
[   12.343432] cloud-init[966]: The key's randomart image is:
[   12.345615] cloud-init[966]: +---[DSA 1024]----+
[   12.345941] cloud-init[966]: |        .E=   . o|
[   12.346308] cloud-init[966]: |     . +o=.= . +.|
[   12.347001] cloud-init[966]: |      o Boo + oo.|
[   12.347339] cloud-init[966]: |.      B ..  o. .|
[   12.347565] cloud-init[966]: |o. .  . S  .  .  |
[[0;32m  OK  [0m] Started D-Bus System Message Bus.
[   12.347692] cloud-init[966]: |o + .  . .. .    |
[   12.375503] cloud-init[966]: | + o = ooo .     |
[   12.377671] cloud-init[966]: |  + o B.=o       |
[   12.385991] cloud-init[966]: |   .   *o..      |
[   12.392081] cloud-init[966]: +----[SHA256]-----+
[   12.394670] cloud-init[966]: Generating public/private ecdsa key pair.
[   12.397171] cloud-init[966]: Your identification has been saved in /etc/ssh/ssh_host_ecdsa_key.
[   12.402667] cloud-init[966]: Your public key has been saved in /etc/ssh/ssh_host_ecdsa_key.pub.
[   12.405075] cloud-init[966]: The key fingerprint is:
[   12.412648] cloud-init[966]: SHA256:/xVo7b4OZuVDRXa7d50qu+85XpdpjnQVh5ySAMo0cr0 root@ubuntu-xenial
[   12.420978] cloud-init[966]: The key's randomart image is:
[   12.424005] cloud-init[966]: +---[ECDSA 256]---+
[   12.426059] cloud-init[966]: |    . +....     +|
[   12.427859] cloud-init[966]: |     = o.  . o =o|
[   12.429792] cloud-init[966]: |      o  .  o +oo|
[   12.431675]          Starting Accounts Service...
         Starting Login Service...
[[0;32m  OK  [0m] Started Deferred execution scheduler.
         Starting /etc/rc.local Compatibility...
cloud-init         Starting LSB: MD monitoring daemon...
[966]: |        E    + .*|
[   12.440815] cloud-init[966]: |        S   o =o=|
[   12.442275] cloud-init         Starting Virtualbox guest utils...
[[0;32m  OK  [0m] Started ACPI event daemon.
[[0;32m  OK  [0m] Started Regular background program processing daemon.
         Starting Pollinate to seed the pseudo random number generator...
[966]: |         . . =..*|         Starting Snappy daemon...

[   12.465772] cloud-init[966]: |          ..+o=*.|
[   12.469003] cloud-init[966]: |           ++=B..|
[   12.478207] [[0;32m  OK  [0m] Started System Logging Service.
[[0;32m  OK  [0m] Started /etc/rc.local Compatibility.
cloud-init[966]: |           o*B=o |
[   12.483074] cloud-init[966]: +----[SHA256]-----+
[   12.493185] cloud-init[966]: Generating public/private ed25519 key pair.
[[0;32m  OK  [0m] Started iSCSI initiator daemon (iscsid).
[   12.513993] cloud-init[966]: Your identification has been saved in /etc/ssh/ssh_host_ed25519_key.
[   12.522388] cloud-init[966]: Your public key has been saved in /etc/ssh/ssh_host_ed25519_key.pub.
[   12.525323] cloud-init[966]: The key fingerprint is:         Starting Login to default iSCSI targets...
[[0;32m  OK  [0m] Started LSB: Record successful boot for GRUB.
[[0;32m  OK  [0m] Started Login Service.
[[0;32m  OK  [0m] Started Unattended Upgrades Shutdown.

[   12.576598] cloud-init[966]: SHA256:PFDSxLIkKzS93/99LmnMDbGmLotg9y/T/V+aZ7jDm4I root@ubuntu-xenial
[   12.586023] cloud-init[966]: The key's randomart image is:
[   12.594256] cloud-init[966]: +--[ED25519 256]--+
[   12.599009] cloud-init[966]: |   .  .+o        |
[   12.601233] cloud-init[966]: |  o o ooo        |
[[0;32m  OK  [0m] Started LSB: MD monitoring daemon.
[   12.642476] cloud-init[966]: | . . =.o         |
[[0;32m  OK  [0m] Started Login to default iSCSI targets.
[[0;32m  OK  [0m] Reached target Remote File Systems (Pre).
[[0;32m  OK  [0m] Reached target Remote File Systems.
[   12.659342] cloud-init[966]: |  . o .o      .  |
[   12.675850] cloud-init[966]: |   . . .S      o |
         Starting Permit User Sessions...
[   12.694670] cloud-init[966]: |      . ..    +  |
[   12.713238] cloud-init[966]: |      o .. o B =.|
         Starting LSB: Set the CPU Frequency Scaling governor to "ondemand"...
         Starting LSB: daemon to balance interrupts for SMP systems...
         Starting LSB: automatic crash report generation...
[   12.717509] cloud-init[966]: |     . o oE +.@+*|
[   12.738421] cloud-init[966]: |        . oO+oB@=|[[0;32m  OK  [0m] Started Permit User Sessions.
[[0;32m  OK  [0m] Started LXD - container startup/shutdown.
         Starting Authenticate and Authorize Users to Run Privileged Tasks...
         Starting Terminate Plymouth Boot Screen...
         Starting Hold until boot process finishes up...
[[0;32m  OK  [0m] Started Hold until boot process finishes up.
[[0;32m  OK  [0m] Started Getty on tty1.
         Starting Set console scheme...
[[0;32m  OK  [0m] Started Serial Getty on ttyS0.
[[0;32m  OK  [0m] Reached target Login Prompts.
[[0;32m  OK  [0m] Started Terminate Plymouth Boot Screen.

[[0;32m  OK  [0m] Started Set console scheme.
[[0;32m  OK  [0m] Started LSB: Set the CPU Frequency Scaling governor to "ondemand".[   12.821599] cloud-init[966]: +----[SHA256]-----+

[[0;32m  OK  [0m] Started Virtualbox guest utils.
[[0;32m  OK  [0m] Started LSB: automatic crash report generation.
[[0;32m  OK  [0m] Started LSB: daemon to balance interrupts for SMP systems.
[[0;32m  OK  [0m] Started Authenticate and Authorize Users to Run Privileged Tasks.
[[0;32m  OK  [0m] Started Accounts Service.
[[0;32m  OK  [0m] Started Pollinate to seed the pseudo random number generator.
         Starting OpenBSD Secure Shell server...
[[0;32m  OK  [0m] Started OpenBSD Secure Shell server.
[[0;32m  OK  [0m] Started Snappy daemon.
         Starting Wait until snapd is fully seeded...
[[0;32m  OK  [0m] Created slice User Slice of vagrant.
         Starting User Manager for UID 1000...
[[0;32m  OK  [0m] Started Session 1 of user vagrant.
[[0;32m  OK  [0m] Started User Manager for UID 1000.
[[0;32m  OK  [0m] Started Wait until snapd is fully seeded.
         Starting Apply the settings specified in cloud-config...
[[0;32m  OK  [0m] Reached target Multi-User System.
[[0;32m  OK  [0m] Reached target Graphical Interface.
         Starting Update UTMP about System Runlevel Changes...
[[0;32m  OK  [0m] Started Update UTMP about System Runlevel Changes.
[   15.498525] cloud-init[1399]: Generating locales (this might take a while)...
[   17.129078] cloud-init[1399]:   en_US.UTF-8... done
[   17.132319] cloud-init[1399]: Generation complete.
[   17.784871] cloud-init[1399]: Cloud-init v. 19.4-33-gbb4131a2-0ubuntu1~16.04.1 running 'modules:config' at Mon, 15 Jun 2020 10:13:27 +0000. Up 15.25 seconds.
ci-info: no authorized SSH keys fingerprints found for user ubuntu.

Ubuntu 16.04.6 LTS ubuntu-xenial ttyS0

ubuntu-xenial login: <14>Jun 15 10:13:31 ec2: 
<14>Jun 15 10:13:31 ec2: #############################################################
<14>Jun 15 10:13:31 ec2: -----BEGIN SSH HOST KEY FINGERPRINTS-----
<14>Jun 15 10:13:31 ec2: 1024 SHA256:ePsabibwichhiaB/nXNZB4RTX1utHTrAIxqXKzmxcB0 root@ubuntu-xenial (DSA)
<14>Jun 15 10:13:31 ec2: 256 SHA256:/xVo7b4OZuVDRXa7d50qu+85XpdpjnQVh5ySAMo0cr0 root@ubuntu-xenial (ECDSA)
<14>Jun 15 10:13:31 ec2: 256 SHA256:PFDSxLIkKzS93/99LmnMDbGmLotg9y/T/V+aZ7jDm4I root@ubuntu-xenial (ED25519)
<14>Jun 15 10:13:31 ec2: 2048 SHA256:HvBBkc0d8FHrgSf+YbICLcF0zYM42X7vk7jvv9MT1Bw root@ubuntu-xenial (RSA)
<14>Jun 15 10:13:31 ec2: -----END SSH HOST KEY FINGERPRINTS-----
<14>Jun 15 10:13:31 ec2: #############################################################
-----BEGIN SSH HOST KEY KEYS-----
ecdsa-sha2-nistp256 AAAAE2VjZHNhLXNoYTItbmlzdHAyNTYAAAAIbmlzdHAyNTYAAABBBG423KNAvZcXzMgyb/b7CFJTfB8/gbLiIP8D3f2LSy12oMHl26v+fHTOqlV9SkhrqheJACpvIwkEeOgCMvbu/WA= root@ubuntu-xenial
ssh-ed25519 AAAAC3NzaC1lZDI1NTE5AAAAIJCF1pjurGkTaR+jFUAYoee+EGYlOPU4rf8I3z4TcW1U root@ubuntu-xenial
ssh-rsa AAAAB3NzaC1yc2EAAAADAQABAAABAQCeZ59+MoOsMb7eYJjuZF7VJJJ8h61bWA8PiCXLiKB6z4iUKkRc3XfnDM9JdmnmHY7rqrOHUlYdmV4vMqJ9mfdQ6RFSd6gJCmdrSGPWYdO/HVHmtgntyVz7gikKM4xnt74a90dHSivT7rt6nCXWQD8pxklYJ4Zfxju2581REARpH1cI04/1pN+Q0nC8MbV2xZG0ckUh0ItlkUvRYfi5tmzGjyOHjLHDt4qB96WBpWEzT/mFIXvQdwhAK9FZertnu3XbEDzIhk5vFC2DGJ/XX5xz1oEOSTRi9m9AycNAEXDMPoyXpucH0vXqjGnJG2XHnrFs5lkuaBGAvHrgNw94mJsl root@ubuntu-xenial
-----END SSH HOST KEY KEYS-----
[   18.890139] cloud-init[1577]: Cloud-init v. 19.4-33-gbb4131a2-0ubuntu1~16.04.1 running 'modules:final' at Mon, 15 Jun 2020 10:13:30 +0000. Up 18.57 seconds.
[   18.890378] cloud-init[1577]: ci-info: no authorized SSH keys fingerprints found for user ubuntu.
[   18.890606] cloud-init[1577]: Cloud-init v. 19.4-33-gbb4131a2-0ubuntu1~16.04.1 finished at Mon, 15 Jun 2020 10:13:31 +0000. Datasource DataSourceNoCloud [seed=/dev/sdb][dsmode=net].  Up 18.87 seconds
