[    0.000000] Initializing cgroup subsys cpuset
[    0.000000] Initializing cgroup subsys cpu
[    0.000000] Initializing cgroup subsys cpuacct
[    0.000000] Linux version 4.4.0-178-generic (buildd@lgw01-amd64-017) (gcc version 5.4.0 20160609 (Ubuntu 5.4.0-6ubuntu1~16.04.12) ) #208-Ubuntu SMP Sun Apr 5 23:45:10 UTC 2020 (Ubuntu 4.4.0-178.208-generic 4.4.217)
[    0.000000] Command line: BOOT_IMAGE=/boot/vmlinuz-4.4.0-178-generic root=LABEL=cloudimg-rootfs ro console=tty1 console=ttyS0
[    0.000000] KERNEL supported cpus:
[    0.000000]   Intel GenuineIntel
[    0.000000]   AMD AuthenticAMD
[    0.000000]   Centaur CentaurHauls
[    0.000000] x86/fpu: xstate_offset[2]:  576, xstate_sizes[2]:  256
[    0.000000] x86/fpu: Supporting XSAVE feature 0x01: 'x87 floating point registers'
[    0.000000] x86/fpu: Supporting XSAVE feature 0x02: 'SSE registers'
[    0.000000] x86/fpu: Supporting XSAVE feature 0x04: 'AVX registers'
[    0.000000] x86/fpu: Enabled xstate features 0x7, context size is 832 bytes, using 'standard' format.
[    0.000000] e820: BIOS-provided physical RAM map:
[    0.000000] BIOS-e820: [mem 0x0000000000000000-0x000000000009fbff] usable
[    0.000000] BIOS-e820: [mem 0x000000000009fc00-0x000000000009ffff] reserved
[    0.000000] BIOS-e820: [mem 0x00000000000f0000-0x00000000000fffff] reserved
[    0.000000] BIOS-e820: [mem 0x0000000000100000-0x000000003ffeffff] usable
[    0.000000] BIOS-e820: [mem 0x000000003fff0000-0x000000003fffffff] ACPI data
[    0.000000] BIOS-e820: [mem 0x00000000fec00000-0x00000000fec00fff] reserved
[    0.000000] BIOS-e820: [mem 0x00000000fee00000-0x00000000fee00fff] reserved
[    0.000000] BIOS-e820: [mem 0x00000000fffc0000-0x00000000ffffffff] reserved
[    0.000000] NX (Execute Disable) protection: active
[    0.000000] SMBIOS 2.5 present.
[    0.000000] Hypervisor detected: KVM
[    0.000000] e820: last_pfn = 0x3fff0 max_arch_pfn = 0x400000000
[    0.000000] MTRR: Disabled
[    0.000000] x86/PAT: MTRRs disabled, skipping PAT initialization too.
[    0.000000] CPU MTRRs all blank - virtualized system.
[    0.000000] x86/PAT: Configuration [0-7]: WB  WT  UC- UC  WB  WT  UC- UC  
[    0.000000] found SMP MP-table at [mem 0x0009fff0-0x0009ffff] mapped at [ffff88000009fff0]
[    0.000000] Scanning 1 areas for low memory corruption
[    0.000000] RAMDISK: [mem 0x362e0000-0x37167fff]
[    0.000000] ACPI: Early table checksum verification disabled
[    0.000000] ACPI: RSDP 0x00000000000E0000 000024 (v02 VBOX  )
[    0.000000] ACPI: XSDT 0x000000003FFF0030 00003C (v01 VBOX   VBOXXSDT 00000001 ASL  00000061)
[    0.000000] ACPI: FACP 0x000000003FFF00F0 0000F4 (v04 VBOX   VBOXFACP 00000001 ASL  00000061)
[    0.000000] ACPI: DSDT 0x000000003FFF0470 0022EA (v02 VBOX   VBOXBIOS 00000002 INTL 20100528)
[    0.000000] ACPI: FACS 0x000000003FFF0200 000040
[    0.000000] ACPI: FACS 0x000000003FFF0200 000040
[    0.000000] ACPI: APIC 0x000000003FFF0240 00005C (v02 VBOX   VBOXAPIC 00000001 ASL  00000061)
[    0.000000] ACPI: SSDT 0x000000003FFF02A0 0001CC (v01 VBOX   VBOXCPUT 00000002 INTL 20100528)
[    0.000000] No NUMA configuration found
[    0.000000] Faking a node at [mem 0x0000000000000000-0x000000003ffeffff]
[    0.000000] NODE_DATA(0) allocated [mem 0x3ffeb000-0x3ffeffff]
[    0.000000] kvm-clock: Using msrs 4b564d01 and 4b564d00
[    0.000000] kvm-clock: cpu 0, msr 0:3ffe3001, primary cpu clock
[    0.000000] kvm-clock: using sched offset of 3871439283 cycles
[    0.000000] clocksource: kvm-clock: mask: 0xffffffffffffffff max_cycles: 0x1cd42e4dffb, max_idle_ns: 881590591483 ns
[    0.000000] Zone ranges:
[    0.000000]   DMA      [mem 0x0000000000001000-0x0000000000ffffff]
[    0.000000]   DMA32    [mem 0x0000000001000000-0x000000003ffeffff]
[    0.000000]   Normal   empty
[    0.000000]   Device   empty
[    0.000000] Movable zone start for each node
[    0.000000] Early memory node ranges
[    0.000000]   node   0: [mem 0x0000000000001000-0x000000000009efff]
[    0.000000]   node   0: [mem 0x0000000000100000-0x000000003ffeffff]
[    0.000000] Initmem setup node 0 [mem 0x0000000000001000-0x000000003ffeffff]
[    0.000000] ACPI: PM-Timer IO Port: 0x4008
[    0.000000] IOAPIC[0]: apic_id 2, version 32, address 0xfec00000, GSI 0-23
[    0.000000] ACPI: INT_SRC_OVR (bus 0 bus_irq 0 global_irq 2 dfl dfl)
[    0.000000] ACPI: INT_SRC_OVR (bus 0 bus_irq 9 global_irq 9 low level)
[    0.000000] Using ACPI (MADT) for SMP configuration information
[    0.000000] smpboot: Allowing 2 CPUs, 0 hotplug CPUs
[    0.000000] PM: Registered nosave memory: [mem 0x00000000-0x00000fff]
[    0.000000] PM: Registered nosave memory: [mem 0x0009f000-0x0009ffff]
[    0.000000] PM: Registered nosave memory: [mem 0x000a0000-0x000effff]
[    0.000000] PM: Registered nosave memory: [mem 0x000f0000-0x000fffff]
[    0.000000] e820: [mem 0x40000000-0xfebfffff] available for PCI devices
[    0.000000] Booting paravirtualized kernel on KVM
[    0.000000] clocksource: refined-jiffies: mask: 0xffffffff max_cycles: 0xffffffff, max_idle_ns: 7645519600211568 ns
[    0.000000] setup_percpu: NR_CPUS:512 nr_cpumask_bits:512 nr_cpu_ids:2 nr_node_ids:1
[    0.000000] PERCPU: Embedded 33 pages/cpu @ffff88003fc00000 s95448 r8192 d31528 u1048576
[    0.000000] Built 1 zonelists in Node order, mobility grouping on.  Total pages: 257912
[    0.000000] Policy zone: DMA32
[    0.000000] Kernel command line: BOOT_IMAGE=/boot/vmlinuz-4.4.0-178-generic root=LABEL=cloudimg-rootfs ro console=tty1 console=ttyS0
[    0.000000] PID hash table entries: 4096 (order: 3, 32768 bytes)
[    0.000000] Memory: 997672K/1048120K available (8626K kernel code, 1336K rwdata, 4036K rodata, 1488K init, 1292K bss, 50448K reserved, 0K cma-reserved)
[    0.000000] SLUB: HWalign=64, Order=0-3, MinObjects=0, CPUs=2, Nodes=1
[    0.000000] Kernel/User page tables isolation: enabled
[    0.000000] Hierarchical RCU implementation.
[    0.000000] 	Build-time adjustment of leaf fanout to 64.
[    0.000000] 	RCU restricting CPUs from NR_CPUS=512 to nr_cpu_ids=2.
[    0.000000] RCU: Adjusting geometry for rcu_fanout_leaf=64, nr_cpu_ids=2
[    0.000000] NR_IRQS:33024 nr_irqs:440 16
[    0.000000] Console: colour VGA+ 80x25
[    0.000000] console [tty1] enabled
[    0.000000] console [ttyS0] enabled
[    0.000000] tsc: Detected 2712.002 MHz processor
[    0.204828] Calibrating delay loop (skipped) preset value.. 5424.00 BogoMIPS (lpj=10848008)
[    0.207223] pid_max: default: 32768 minimum: 301
[    0.208555] ACPI: Core revision 20150930
[    0.212144] ACPI: 2 ACPI AML tables successfully acquired and loaded
[    0.214822] Security Framework initialized
[    0.216183] Yama: becoming mindful.
[    0.217641] AppArmor: AppArmor initialized
[    0.219557] Dentry cache hash table entries: 131072 (order: 8, 1048576 bytes)
[    0.224751] Inode-cache hash table entries: 65536 (order: 7, 524288 bytes)
[    0.227305] Mount-cache hash table entries: 2048 (order: 2, 16384 bytes)
[    0.228966] Mountpoint-cache hash table entries: 2048 (order: 2, 16384 bytes)
[    0.230902] Initializing cgroup subsys io
[    0.232090] Initializing cgroup subsys memory
[    0.233321] Initializing cgroup subsys devices
[    0.234458] Initializing cgroup subsys freezer
[    0.235587] Initializing cgroup subsys net_cls
[    0.236778] Initializing cgroup subsys perf_event
[    0.237979] Initializing cgroup subsys net_prio
[    0.239128] Initializing cgroup subsys hugetlb
[    0.240284] Initializing cgroup subsys pids
[    0.242600] mce: CPU supports 0 MCE banks
[    0.244010] Last level iTLB entries: 4KB 64, 2MB 8, 4MB 8
[    0.245328] Last level dTLB entries: 4KB 64, 2MB 0, 4MB 0, 1GB 4
[    0.246977] Spectre V1 : Mitigation: usercopy/swapgs barriers and __user pointer sanitization
[    0.249791] Spectre V2 : Mitigation: Full generic retpoline
[    0.251148] Spectre V2 : Spectre v2 / SpectreRSB mitigation: Filling RSB on context switch
[    0.253496] Speculative Store Bypass: Vulnerable
[    0.254818] MDS: Vulnerable: Clear CPU buffers attempted, no microcode
[    0.259905] Freeing SMP alternatives memory: 36K
[    0.268547] ftrace: allocating 32308 entries in 127 pages
[    0.352915] smpboot: APIC(0) Converting physical 0 to logical package 0
[    0.354987] smpboot: Max logical packages: 1
[    0.356795] x2apic enabled
[    0.358074] Switched APIC routing to physical x2apic.
[    0.361576] ..TIMER: vector=0x30 apic1=0 pin1=2 apic2=-1 pin2=-1
[    0.471632] smpboot: CPU0: Intel(R) Core(TM) i5-7200U CPU @ 2.50GHz (family: 0x6, model: 0x8e, stepping: 0x9)
[    0.475942] Performance Events: unsupported p6 CPU model 142 no PMU driver, software events only.
[    0.492150] KVM setup paravirtual spinlock
[    0.494485] x86: Booting SMP configuration:
[    0.495697] .... node  #0, CPUs:      #1
[    0.496918] kvm-clock: cpu 1, msr 0:3ffe3041, secondary cpu clock
[    0.499802] mce: CPU supports 0 MCE banks
[    0.502947] x86: Booted up 1 node, 2 CPUs
[    0.504459] smpboot: Total of 2 processors activated (10848.00 BogoMIPS)
[    0.506874] devtmpfs: initialized
[    0.509989] evm: security.selinux
[    0.511509] evm: security.SMACK64
[    0.512971] evm: security.SMACK64EXEC
[    0.514205] evm: security.SMACK64TRANSMUTE
[    0.515408] evm: security.SMACK64MMAP
[    0.517082] evm: security.ima
[    0.518493] evm: security.capability
[    0.520281] clocksource: jiffies: mask: 0xffffffff max_cycles: 0xffffffff, max_idle_ns: 7645041785100000 ns
[    0.524235] futex hash table entries: 512 (order: 3, 32768 bytes)
[    0.526275] pinctrl core: initialized pinctrl subsystem
[    0.527879] RTC time: 14:20:23, date: 05/25/20
[    0.529525] NET: Registered protocol family 16
[    0.540882] cpuidle: using governor ladder
[    0.553000] cpuidle: using governor menu
[    0.554343] PCCT header not found.
[    0.555517] ACPI: bus type PCI registered
[    0.556695] acpiphp: ACPI Hot Plug PCI Controller Driver version: 0.5
[    0.558595] PCI: Using configuration type 1 for base access
[    0.573174] ACPI: Added _OSI(Module Device)
[    0.574382] ACPI: Added _OSI(Processor Device)
[    0.576140] ACPI: Added _OSI(3.0 _SCP Extensions)
[    0.577738] ACPI: Added _OSI(Processor Aggregator Device)
[    0.580341] ACPI: Executed 1 blocks of module-level executable AML code
[    0.586390] ACPI: Interpreter enabled
[    0.588189] ACPI: (supports S0 S5)
[    0.589678] ACPI: Using IOAPIC for interrupt routing
[    0.591619] PCI: Using host bridge windows from ACPI; if necessary, use "pci=nocrs" and report a bug
[    0.601495] ACPI: PCI Root Bridge [PCI0] (domain 0000 [bus 00-ff])
[    0.603501] acpi PNP0A03:00: _OSC: OS supports [ASPM ClockPM Segments MSI]
[    0.605805] acpi PNP0A03:00: _OSC: not requesting OS control; OS requires [ExtendedConfig ASPM ClockPM MSI]
[    0.608586] acpi PNP0A03:00: fail to add MMCONFIG information, can't access extended PCI configuration space under this bridge.
[    0.612809] PCI host bridge to bus 0000:00
[    0.614023] pci_bus 0000:00: root bus resource [io  0x0000-0x0cf7 window]
[    0.615995] pci_bus 0000:00: root bus resource [io  0x0d00-0xffff window]
[    0.617758] pci_bus 0000:00: root bus resource [mem 0x000a0000-0x000bffff window]
[    0.620005] pci_bus 0000:00: root bus resource [mem 0x40000000-0xfdffffff window]
[    0.622448] pci_bus 0000:00: root bus resource [bus 00-ff]
[    0.626148] pci 0000:00:01.1: legacy IDE quirk: reg 0x10: [io  0x01f0-0x01f7]
[    0.628367] pci 0000:00:01.1: legacy IDE quirk: reg 0x14: [io  0x03f6]
[    0.630085] pci 0000:00:01.1: legacy IDE quirk: reg 0x18: [io  0x0170-0x0177]
[    0.632022] pci 0000:00:01.1: legacy IDE quirk: reg 0x1c: [io  0x0376]
[    0.676012] pci 0000:00:07.0: quirk: [io  0x4000-0x403f] claimed by PIIX4 ACPI
[    0.678264] pci 0000:00:07.0: quirk: [io  0x4100-0x410f] claimed by PIIX4 SMB
[    0.688774] ACPI: PCI Interrupt Link [LNKA] (IRQs 5 9 10 *11)
[    0.691166] ACPI: PCI Interrupt Link [LNKB] (IRQs 5 9 *10 11)
[    0.693795] ACPI: PCI Interrupt Link [LNKC] (IRQs 5 *9 10 11)
[    0.695746] ACPI: PCI Interrupt Link [LNKD] (IRQs 5 9 10 *11)
[    0.697829] ACPI: Enabled 2 GPEs in block 00 to 07
[    0.699642] vgaarb: setting as boot device: PCI:0000:00:02.0
[    0.701094] vgaarb: device added: PCI:0000:00:02.0,decodes=io+mem,owns=io+mem,locks=none
[    0.703890] vgaarb: loaded
[    0.705039] vgaarb: bridge control possible 0000:00:02.0
[    0.706774] SCSI subsystem initialized
[    0.708302] ACPI: bus type USB registered
[    0.710141] usbcore: registered new interface driver usbfs
[    0.711636] usbcore: registered new interface driver hub
[    0.713287] usbcore: registered new device driver usb
[    0.715027] PCI: Using ACPI for IRQ routing
[    0.717094] NetLabel: Initializing
[    0.718104] NetLabel:  domain hash size = 128
[    0.719429] NetLabel:  protocols = UNLABELED CIPSOv4
[    0.724049] NetLabel:  unlabeled traffic allowed by default
[    0.726215] amd_nb: Cannot enumerate AMD northbridges
[    0.728262] clocksource: Switched to clocksource kvm-clock
[    0.742631] AppArmor: AppArmor Filesystem Enabled
[    0.744046] pnp: PnP ACPI init
[    0.746199] pnp: PnP ACPI: found 3 devices
[    0.758912] clocksource: acpi_pm: mask: 0xffffff max_cycles: 0xffffff, max_idle_ns: 2085701024 ns
[    0.761860] NET: Registered protocol family 2
[    0.764022] TCP established hash table entries: 8192 (order: 4, 65536 bytes)
[    0.766250] TCP bind hash table entries: 8192 (order: 5, 131072 bytes)
[    0.768103] TCP: Hash tables configured (established 8192 bind 8192)
[    0.770278] UDP hash table entries: 512 (order: 2, 16384 bytes)
[    0.771965] UDP-Lite hash table entries: 512 (order: 2, 16384 bytes)
[    0.774097] NET: Registered protocol family 1
[    0.775371] pci 0000:00:00.0: Limiting direct PCI/PCI transfers
[    0.777047] pci 0000:00:01.0: Activating ISA DMA hang workarounds
[    0.778856] Unpacking initramfs...
[    1.088350] Freeing initrd memory: 14880K
[    1.089945] clocksource: tsc: mask: 0xffffffffffffffff max_cycles: 0x2717880cafa, max_idle_ns: 440795252614 ns
[    1.093846] platform rtc_cmos: registered platform RTC device (no PNP device found)
[    1.096475] Scanning for low memory corruption every 60 seconds
[    1.098433] audit: initializing netlink subsys (disabled)
[    1.099759] audit: type=2000 audit(1590416428.963:1): initialized
[    1.101528] Initialise system trusted keyring
[    1.103107] HugeTLB registered 2 MB page size, pre-allocated 0 pages
[    1.106073] zbud: loaded
[    1.107264] VFS: Disk quotas dquot_6.6.0
[    1.108459] VFS: Dquot-cache hash table entries: 512 (order 0, 4096 bytes)
[    1.110377] squashfs: version 4.0 (2009/01/31) Phillip Lougher
[    1.112253] fuse init (API version 7.23)
[    1.113654] Key type big_key registered
[    1.114784] Allocating IMA MOK and blacklist keyrings.
[    1.117429] Key type asymmetric registered
[    1.118578] Asymmetric key parser 'x509' registered
[    1.120079] Block layer SCSI generic (bsg) driver version 0.4 loaded (major 249)
[    1.122644] io scheduler noop registered
[    1.123710] io scheduler deadline registered (default)
[    1.125554] io scheduler cfq registered
[    1.126783] pci_hotplug: PCI Hot Plug PCI Core version: 0.5
[    1.128766] pciehp: PCI Express Hot Plug Controller Driver version: 0.4
[    1.132218] ACPI: AC Adapter [AC] (on-line)
[    1.134227] input: Power Button as /devices/LNXSYSTM:00/LNXPWRBN:00/input/input0
[    1.136340] ACPI: Power Button [PWRF]
[    1.137680] input: Sleep Button as /devices/LNXSYSTM:00/LNXSLPBN:00/input/input1
[    1.139950] ACPI: Sleep Button [SLPF]
[    1.142305] ACPI: Battery Slot [BAT0] (battery present)
[    1.143928] GHES: HEST is not enabled!
[    1.146214] Serial: 8250/16550 driver, 32 ports, IRQ sharing enabled
[    1.168990] 00:02: ttyS0 at I/O 0x3f8 (irq = 4, base_baud = 115200) is a 16550A
[    1.172200] Linux agpgart interface v0.103
[    1.175004] loop: module loaded
[    1.176638] scsi host0: ata_piix
[    1.178064] scsi host1: ata_piix
[    1.179066] ata1: PATA max UDMA/33 cmd 0x1f0 ctl 0x3f6 bmdma 0xd000 irq 14
[    1.180620] ata2: PATA max UDMA/33 cmd 0x170 ctl 0x376 bmdma 0xd008 irq 15
[    1.182692] libphy: Fixed MDIO Bus: probed
[    1.184345] tun: Universal TUN/TAP device driver, 1.6
[    1.185975] tun: (C) 1999-2004 Max Krasnyansky <maxk@qualcomm.com>
[    1.187536] PPP generic driver version 2.4.2
[    1.188881] ehci_hcd: USB 2.0 'Enhanced' Host Controller (EHCI) Driver
[    1.190508] ehci-pci: EHCI PCI platform driver
[    1.191757] ehci-platform: EHCI generic platform driver
[    1.193789] ohci_hcd: USB 1.1 'Open' Host Controller (OHCI) Driver
[    1.195925] ohci-pci: OHCI PCI platform driver
[    1.197415] ohci-platform: OHCI generic platform driver
[    1.198740] uhci_hcd: USB Universal Host Controller Interface driver
[    1.200334] i8042: PNP: PS/2 Controller [PNP0303:PS2K,PNP0f03:PS2M] at 0x60,0x64 irq 1,12
[    1.203686] serio: i8042 KBD port at 0x60,0x64 irq 1
[    1.205113] serio: i8042 AUX port at 0x60,0x64 irq 12
[    1.206501] mousedev: PS/2 mouse device common for all mice
[    1.209085] input: AT Translated Set 2 keyboard as /devices/platform/i8042/serio0/input/input2
[    1.211791] rtc_cmos rtc_cmos: rtc core: registered rtc_cmos as rtc0
[    1.213702] rtc_cmos rtc_cmos: alarms up to one day, 114 bytes nvram
[    1.215304] i2c /dev entries driver
[    1.216343] device-mapper: uevent: version 1.0.3
[    1.217656] device-mapper: ioctl: 4.34.0-ioctl (2015-10-28) initialised: dm-devel@redhat.com
[    1.219826] ledtrig-cpu: registered to indicate activity on CPUs
[    1.221835] NET: Registered protocol family 10
[    1.223348] NET: Registered protocol family 17
[    1.224514] Key type dns_resolver registered
[    1.226118] registered taskstats version 1
[    1.227449] Loading compiled-in X.509 certificates
[    1.229246] Loaded X.509 cert 'Build time autogenerated kernel key: f33c437cc9123d9712070bdfe932b55b24c56047'
[    1.231721] zswap: loaded using pool lzo/zbud
[    1.234888] Key type trusted registered
[    1.239393] Key type encrypted registered
[    1.240479] AppArmor: AppArmor sha1 policy hashing enabled
[    1.241882] ima: No TPM chip found, activating TPM-bypass!
[    1.243658] ima: Allocated hash algorithm: sha1
[    1.245216] evm: HMAC attrs: 0x1
[    1.246846]   Magic number: 4:628:334
[    1.247938] tty tty55: hash matches
[    1.249147] rtc_cmos rtc_cmos: setting system clock to 2020-05-25 14:20:24 UTC (1590416424)
[    1.251522] BIOS EDD facility v0.16 2004-Jun-25, 0 devices found
[    1.253508] EDD information not available.
[    1.338965] Freeing unused kernel memory: 1488K
[    1.342149] Write protecting the kernel read-only data: 14336k
[    1.346061] Freeing unused kernel memory: 1604K
[    1.348247] Freeing unused kernel memory: 60K
Loading, please wait...
starting version 229
[    1.370298] random: systemd-udevd: uninitialized urandom read (16 bytes read, 3 bits of entropy available)
[    1.371875] random: udevadm: uninitialized urandom read (16 bytes read, 3 bits of entropy available)
[    1.371933] random: udevadm: uninitialized urandom read (16 bytes read, 3 bits of entropy available)
[    1.382172] random: systemd-udevd: uninitialized urandom read (16 bytes read, 3 bits of entropy available)
[    1.385358] random: udevadm: uninitialized urandom read (16 bytes read, 3 bits of entropy available)
[    1.385401] random: udevadm: uninitialized urandom read (16 bytes read, 3 bits of entropy available)
[    1.385544] random: udevadm: uninitialized urandom read (16 bytes read, 3 bits of entropy available)
[    1.385597] random: udevadm: uninitialized urandom read (16 bytes read, 3 bits of entropy available)
[    1.385647] random: udevadm: uninitialized urandom read (16 bytes read, 3 bits of entropy available)
[    1.385698] random: udevadm: uninitialized urandom read (16 bytes read, 3 bits of entropy available)
[    1.446142] e1000: Intel(R) PRO/1000 Network Driver - version 7.3.21-k8-NAPI
[    1.448254] e1000: Copyright (c) 1999-2006 Intel Corporation.
[    1.453895] Fusion MPT base driver 3.04.20
[    1.456663] Copyright (c) 1999-2008 LSI Corporation
[    1.464603] Fusion MPT SPI Host driver 3.04.20
[    1.477012] AVX2 version of gcm_enc/dec engaged.
[    1.478643] AES CTR mode by8 optimization enabled
[    1.658424] input: ImExPS/2 Generic Explorer Mouse as /devices/platform/i8042/serio1/input/input4
[    2.057613] e1000 0000:00:03.0 eth0: (PCI:33MHz:32-bit) 02:bc:94:f1:bf:de
[    2.059836] e1000 0000:00:03.0 eth0: Intel(R) PRO/1000 Network Connection
[    2.064329] mptbase: ioc0: Initiating bringup
[    2.065239] e1000 0000:00:03.0 enp0s3: renamed from eth0
[    2.132732] ioc0: LSI53C1030 A0: Capabilities={Initiator}
[    3.149392] scsi host2: ioc0: LSI53C1030 A0, FwRev=00000000h, Ports=1, MaxQ=256, IRQ=20
[    3.565649] scsi 2:0:0:0: Direct-Access     VBOX     HARDDISK         1.0  PQ: 0 ANSI: 5
[    3.575457] scsi target2:0:0: Beginning Domain Validation
[    3.583521] scsi target2:0:0: Domain Validation skipping write tests
[    3.586737] scsi target2:0:0: Ending Domain Validation
[    3.589311] scsi target2:0:0: asynchronous
[    3.591811] scsi 2:0:1:0: Direct-Access     VBOX     HARDDISK         1.0  PQ: 0 ANSI: 5
[    3.596435] scsi target2:0:1: Beginning Domain Validation
[    3.601946] scsi target2:0:1: Domain Validation skipping write tests
[    3.604562] scsi target2:0:1: Ending Domain Validation
[    3.624011] scsi target2:0:1: asynchronous
[    3.637193] sd 2:0:0:0: [sda] 20971520 512-byte logical blocks: (10.7 GB/10.0 GiB)
[    3.637341] sd 2:0:0:0: Attached scsi generic sg0 type 0
[    3.638014] sd 2:0:1:0: [sdb] 20480 512-byte logical blocks: (10.5 MB/10.0 MiB)
[    3.638307] sd 2:0:1:0: [sdb] Write Protect is off
[    3.638488] sd 2:0:1:0: [sdb] Incomplete mode parameter data
[    3.638491] sd 2:0:1:0: [sdb] Assuming drive cache: write through
[    3.639555] sd 2:0:1:0: Attached scsi generic sg1 type 0
[    3.642354] sd 2:0:1:0: [sdb] Attached SCSI disk
[    3.653910] sd 2:0:0:0: [sda] Write Protect is off
[    3.656003] sd 2:0:0:0: [sda] Incomplete mode parameter data
[    3.658431] sd 2:0:0:0: [sda] Assuming drive cache: write through
[    3.663313]  sda: sda1
[    3.666110] sd 2:0:0:0: [sda] Attached SCSI disk
Begin: Loading essential drivers ... [    5.379436] md: linear personality registered for level -1
[    5.386909] md: multipath personality registered for level -4
[    5.391154] md: raid0 personality registered for level 0
[    5.398002] md: raid1 personality registered for level 1
[    5.476913] raid6: sse2x1   gen()  7416 MB/s
[    5.544683] raid6: sse2x1   xor()  5209 MB/s
[    5.612538] raid6: sse2x2   gen()  5087 MB/s
[    5.684762] raid6: sse2x2   xor()  4338 MB/s
[    5.752785] raid6: sse2x4   gen() 10291 MB/s
[    5.820866] raid6: sse2x4   xor()  6048 MB/s
[    5.892364] raid6: avx2x1   gen() 12905 MB/s
[    5.960520] raid6: avx2x2   gen() 13283 MB/s
[    6.028383] raid6: avx2x4   gen() 19081 MB/s
[    6.029773] raid6: using algorithm avx2x4 gen() 19081 MB/s
[    6.031225] raid6: using avx2x2 recovery algorithm
[    6.036539] xor: automatically using best checksumming function:
[    6.076311]    avx       : 19962.000 MB/sec
[    6.080011] async_tx: api initialized (async)
[    6.097254] md: raid6 personality registered for level 6
[    6.099983] md: raid5 personality registered for level 5
[    6.107542] md: raid4 personality registered for level 4
[    6.117805] md: raid10 personality registered for level 10
done.
Begin: Running /scripts/init-premount ... done.
Begin: Mounting root file system ... Begin: Running /scripts/local-top ... done.
Begin: Running /scripts/local-premount ... [    6.166694] Btrfs loaded
Scanning for Btrfs filesystems
done.
Warning: fsck not present, so skipping root file system
[    6.241662] EXT4-fs (sda1): mounted filesystem with ordered data mode. Opts: (null)
done.
Begin: Running /scripts/local-bottom ... done.
Begin: Running /scripts/init-bottom ... done.
[    6.451479] systemd[1]: systemd 229 running in system mode. (+PAM +AUDIT +SELINUX +IMA +APPARMOR +SMACK +SYSVINIT +UTMP +LIBCRYPTSETUP +GCRYPT +GNUTLS +ACL +XZ -LZ4 +SECCOMP +BLKID +ELFUTILS +KMOD -IDN)
[    6.457188] systemd[1]: Detected virtualization oracle.
[    6.458481] systemd[1]: Detected architecture x86-64.

Welcome to [1mUbuntu 16.04.6 LTS[0m!

[    6.463536] systemd[1]: Set hostname to <ubuntu>.
[    6.471280] systemd[1]: Initializing machine ID from random generator.
[    6.473101] systemd[1]: Installed transient /etc/machine-id file.
[    6.683349] systemd[1]: Listening on LVM2 poll daemon socket.
[[0;32m  OK  [0m] Listening on LVM2 poll daemon socket.
[    6.688573] systemd[1]: Reached target User and Group Name Lookups.
[[0;32m  OK  [0m] Reached target User and Group Name Lookups.
[    6.691385] systemd[1]: Started Trigger resolvconf update for networkd DNS.
[[0;32m  OK  [0m] Started Trigger resolvconf update for networkd DNS.
[    6.695287] systemd[1]: Listening on udev Control Socket.
[[0;32m  OK  [0m] Listening on udev Control Socket.
[    6.697880] systemd[1]: Listening on Device-mapper event daemon FIFOs.
[[0;32m  OK  [0m] Listening on Device-mapper event daemon FIFOs.
[    6.705146] systemd[1]: Listening on Journal Socket.
[[0;32m  OK  [0m] Listening on Journal Socket.
[    6.708055] systemd[1]: Created slice System Slice.
[[0;32m  OK  [0m] Created slice System Slice.
[    6.728961] systemd[1]: Starting Set console keymap...
         Starting Set console keymap...
[    6.736372] systemd[1]: Starting Create list of required static device nodes for the current kernel...
         Starting Create list of required st... nodes for the current kernel...
[    6.745139] systemd[1]: Mounting POSIX Message Queue File System...
         Mounting POSIX Message Queue File System...
[    6.752344] systemd[1]: Mounting Debug File System...
         Mounting Debug File System...
[    6.758515] systemd[1]: Mounting Huge Pages File System...
         Mounting Huge Pages File System...
[    6.763208] systemd[1]: Reached target Encrypted Volumes.
[[0;32m  OK  [0m] Reached target Encrypted Volumes.
[    6.769244] systemd[1]: Created slice system-serial\x2dgetty.slice.
[[0;32m  OK  [0m] Created slice system-serial\x2dgetty.slice.
[    6.774792] systemd[1]: Set up automount Arbitrary Executable File Formats File System Automount Point.
[[0;32m  OK  [0m] Set up automount Arbitrary Executab...ats File System Automount Point.
[    6.784902] systemd[1]: Listening on udev Kernel Socket.
[[0;32m  OK  [0m] Listening on udev Kernel Socket.
[    6.790438] systemd[1]: Reached target System Time Synchronized.
[[0;32m  OK  [0m] Reached target System Time Synchronized.
[    6.825052] systemd[1]: Starting Load Kernel Modules...
         Starting Load Kernel Modules...
[    6.830987] systemd[1]: Starting Nameserver information manager...
         Starting Nameserver information manager...
[    6.839208] systemd[1]: Created slice User and Session Slice.
[[0;32m  OK  [0m] Created slice User and Session Slice.
[    6.847242] systemd[1]: Reached target Slices.
[[0;32m  OK  [0m] Reached target Slices.
[    6.856550] systemd[1]: Listening on Syslog Socket.
[[0;32m  OK  [0m] Listening on Syslog Socket.
[    6.870334] systemd[1]: Starting Remount Root and Kernel File Systems...
         Starting Remount Root and Kernel File Systems...
[    6.874461] Loading iSCSI transport class v2.0-870.
[    6.878182] systemd[1]: Starting Uncomplicated firewall...
         Starting Uncomplicated firewall...
[    6.887811] systemd[1]: Listening on LVM2 metadata daemon socket.
[[0;32m  OK  [[    6.892209] EXT4-fs (sda1): re-mounted. Opts: (null)
0m] Listening on LVM2 metadata daemon socket.
[    6.895297] systemd[1]: Starting Monitoring of LVM2 mirrors, snapshots etc. using dmeventd or progress polling...
         Starting Monitoring of LVM2 mirrors... dmeventd or progress polling...
[    6.903870] systemd[1]: Listening on Journal Socket (/dev/log).
[[0;32m  OK  [0m] Listening on Journal Socket (/dev/log).
[    6.910145] systemd[1]: Started Forward Password Requests to Wall Directory Watch.
[[0;32m  OK  [0m] Started Forward Password Requests to Wall Directory Watch.
[    6.921441] iscsi: registered transport (tcp)
[    6.927845] systemd[1]: Listening on /dev/initctl Compatibility Named Pipe.
[[0;32m  OK  [0m] Listening on /dev/initctl Compatibility Named Pipe.
[    6.932094] systemd[1]: Reached target Swap.
[[0;32m  OK  [0m] Reached target Swap.
[    6.937246] systemd[1]: Listening on Journal Audit Socket.
[[0;32m  OK  [0m] Listening on Journal Audit Socket.
[    6.956591] systemd[1]: Starting Journal Service...
         Starting Journal Service...
[    6.963623] systemd[1]: Mounted Huge Pages File System.
[[0;32m  OK  [0m] Mounted Huge Pages File System.
[    6.975587] systemd[1]: Mounted Debug File System.
[[0;32m  OK  [0m] Mounted Debug File System.
[    6.983183] systemd[1]: Mounted POSIX Message Queue File System.
[[0;32m  OK  [0m] Mounted POSIX Message Queue File System.
[    6.990947] iscsi: registered transport (iser)
[    6.991701] systemd[1]: Started Set console keymap.
[[0;32m  OK  [0m] Started Set console keymap.
[    6.996991] systemd[1]: Started Create list of required static device nodes for the current kernel.
[[0;32m  OK  [0m] Started Create list of required sta...ce nodes for the current kernel.
[    7.004539] systemd[1]: Started Load Kernel Modules.
[[0;32m  OK  [0m] Started Load Kernel Modules.
[    7.021667] systemd[1]: Started Remount Root and Kernel File Systems.
[[0;32m  OK  [0m] Started Remount Root and Kernel File Systems.
[    7.026641] systemd[1]: Started Uncomplicated firewall.
[[0;32m  OK  [0m] Started Uncomplicated firewall.
[    7.030818] systemd[1]: Started Nameserver information manager.
[[0;32m  OK  [0m] Started Nameserver information manager.
[    7.047833] systemd[1]: Started Journal Service.
[[0;32m  OK  [0m] Started Journal Service.
[[0;32m  OK  [0m] Started LVM2 metadata daemon.
         Starting Load/Save Random Seed...
         Starting Flush Journal to Persistent Storage...
         Starting udev Coldplug all Devices...
         Starting Apply Kernel Variables...
         Mounting FUSE Control File System...
         Starting Create Static Device Nodes in /dev...
[    7.114596] random: nonblocking pool is initialized
[[0;32m  OK  [0m] Started Load/Save Random Seed.
[[0;32m  OK  [0m] Started Apply Kernel Variables.
[[0;32m  OK  [0m] Mounted FUSE Control File System.
[[0;32m  OK  [0m] Started Create Static Device Nodes in /dev.
         Starting udev Kernel Device Manager...
[[0;32m  OK  [0m] Started Flush Journal to Persistent Storage.
[[0;32m  OK  [0m] Started udev Coldplug all Devices.
[[0;32m  OK  [0m] Started udev Kernel Device Manager.
[[0;32m  OK  [0m] Started Dispatch Password Requests to Console Directory Watch.
[[0;32m  OK  [0m] Found device /dev/ttyS0.
[[0;32m  OK  [0m] Listening on Load/Save RF Kill Switch Status /dev/rfkill Watch.
[[0;32m  OK  [0m] Started Monitoring of LVM2 mirrors,...ng dmeventd or progress polling.
[[0;32m  OK  [0m] Reached target Local File Systems (Pre).
[[0;32m  OK  [0m] Reached target Local File Systems.
         Starting Tell Plymouth To Write Out Runtime Data...
         Starting Create Volatile Files and Directories...
         Starting Commit a transient machine-id on disk...
         Starting Set console font and keymap...
         Starting LSB: AppArmor initialization...
         Starting Initial cloud-init job (pre-networking)...
[[0;32m  OK  [0m] Started Tell Plymouth To Write Out Runtime Data.
[[0;32m  OK  [0m] Started Create Volatile Files and Directories.
         Starting Update UTMP about System Boot/Shutdown...
[[0;32m  OK  [0m] Started Update UTMP about System Boot/Shutdown.
[[0;32m  OK  [0m] Started Commit a transient machine-id on disk.
[[0;32m  OK  [0m] Started Set console font and keymap.
[[0;32m  OK  [0m] Created slice system-getty.slice.
[   10.729845] cloud-init[615]: Cloud-init v. 19.4-33-gbb4131a2-0ubuntu1~16.04.1 running 'init-local' at Mon, 25 May 2020 14:20:33 +0000. Up 9.80 seconds.
[[0;32m  OK  [0m] Started Initial cloud-init job (pre-networking).
[[0;32m  OK  [0m] Reached target Network (Pre).
[[0;32m  OK  [0m] Started LSB: AppArmor initialization.
         Starting Raise network interfaces...
[[0;32m  OK  [0m] Started Raise network interfaces.
         Starting Initial cloud-init job (metadata service crawler)...
[[0;32m  OK  [0m] Reached target Network.
[   13.349172] cloud-init[957]: Cloud-init v. 19.4-33-gbb4131a2-0ubuntu1~16.04.1 running 'init' at Mon, 25 May 2020 14:20:35 +0000. Up 12.25 seconds.
[   13.352376] cloud-init[957]: ci-info: ++++++++++++++++++++++++++++++++++++++Net device info++++++++++++++++++++++++++++++++++++++
[   13.355207] cloud-init[957]: ci-info: +--------+------+----------------------------+---------------+--------+-------------------+
[   13.357844] cloud-init[957]: ci-info: | Device |  Up  |          Address           |      Mask     | Scope  |     Hw-Address    |
[   13.364090] cloud-init[957]: ci-info: +--------+------+----------------------------+---------------+--------+-------------------+
[   13.367026] cloud-init[957]: ci-info: | enp0s3 | True |         10.0.2.15          | 255.255.255.0 | global | 02:bc:94:f1:bf:de |
[   13.369837] cloud-init[957]: ci-info: | enp0s3 | True | fe80::bc:94ff:fef1:bfde/64 |       .       |  link  | 02:bc:94:f1:bf:de |
[   13.373312] cloud-init[957]: ci-info: |   lo   | True |         127.0.0.1          |   255.0.0.0   |  host  |         .         |
[   13.377973] cloud-init[957]: ci-info: |   lo   | True |          ::1/128           |       .       |  host  |         .         |
[   13.380289] cloud-init[957]: ci-info: +--------+------+----------------------------+---------------+--------+-------------------+
[   13.383930] cloud-init[957]: ci-info: +++++++++++++++++++++++++++Route IPv4 info++++++++++++++++++++++++++++
[   13.397497] cloud-init[957]: ci-info: +-------+-------------+----------+---------------+-----------+-------+
[   13.401041] cloud-init[957]: ci-info: | Route | Destination | Gateway  |    Genmask    | Interface | Flags |
[   13.403640] cloud-init[957]: ci-info: +-------+-------------+----------+---------------+-----------+-------+
[   13.406198] cloud-init[957]: ci-info: |   0   |   0.0.0.0   | 10.0.2.2 |    0.0.0.0    |   enp0s3  |   UG  |
[   13.408816] cloud-init[957]: ci-info: |   1   |   10.0.2.0  | 0.0.0.0  | 255.255.255.0 |   enp0s3  |   U   |
[   13.411843] cloud-init[957]: ci-info: +-------+-------------+----------+---------------+-----------+-------+
[   13.414801] cloud-init[957]: ci-info: +++++++++++++++++++Route IPv6 info+++++++++++++++++++
[   13.417089] cloud-init[957]: ci-info: +-------+-------------+---------+-----------+-------+
[   13.419643] cloud-init[957]: ci-info: | Route | Destination | Gateway | Interface | Flags |
[   13.422827] cloud-init[957]: ci-info: +-------+-------------+---------+-----------+-------+
[   13.433416] cloud-init[957]: ci-info: |   0   |  fe80::/64  |    ::   |   enp0s3  |   U   |
[   13.435941] cloud-init[957]: ci-info: |   3   |   ff00::/8  |    ::   |   enp0s3  |   U   |
[   13.441126] cloud-init[957]: ci-info: +-------+-------------+---------+-----------+-------+
[   13.451811] cloud-init[957]: Generating public/private rsa key pair.
[   13.455297] cloud-init[957]: Your identification has been saved in /etc/ssh/ssh_host_rsa_key.
[   13.457763] cloud-init[957]: Your public key has been saved in /etc/ssh/ssh_host_rsa_key.pub.
[   13.463331] cloud-init[957]: The key fingerprint is:
[   13.465350] cloud-init[957]: SHA256:GmLnCgmpSnCJp9alJ/7s3SfINBSn1RfVyhfwVhh5eOI root@ubuntu-xenial
[   13.468745] cloud-init[957]: The key's randomart image is:
[   13.470651] cloud-init[957]: +---[RSA 2048]----+
[   13.472272] cloud-init[957]: |          .  o=*o|
[   13.473908] cloud-init[957]: |       . o . .*.=|
[   13.475680] cloud-init[957]: |        =   .o B.|
[   13.478944] cloud-init[957]: | o .   o      E .|
[   13.485111] cloud-init[957]: |= + o.+ S      . |
[   13.486922] cloud-init[957]: |o=.oo+ =         |
[   13.488686] cloud-init[957]: |ooo+ .= o        |
[   13.490550] cloud-init[957]: |+ ..+..o.. .     |
[   13.492521] cloud-init[957]: |.  .++ . .o      |
[   13.494807] cloud-init[957]: +----[SHA256]-----+
[   13.496695] cloud-init[957]: Generating public/private dsa key pair.
[   13.499187] cloud-init[957]: Your identification has been saved in /etc/ssh/ssh_host_dsa_key.
[   13.502003] cloud-init[957]: Your public key has been saved in /etc/ssh/ssh_host_dsa_key.pub.
[   13.505650] cloud-init[957]: The key fingerprint is:
[   13.507288] cloud-init[957]: SHA256:2MJyfOHx1edDUiEaAC+2AaO2lzR6dUJmxOrFqh82k7g root@ubuntu-xenial
[   13.510706] cloud-init[957]: The key's randomart image is:
[   13.513985] cloud-init[957]: +---[DSA 1024]----+
[   13.515532] cloud-init[957]: |     oo*.... . o.|
[   13.517070] cloud-init[957]: |    . *..   o.o  |
[   13.519106] cloud-init[957]: |   o oo*oo ......|
[   13.521650] cloud-init[957]: |  . ++=**+ .  oo |
[   13.524535] cloud-init[957]: |   oo+O.S .    ..|
[   13.527682] cloud-init[957]: |    +=.o        .|
[   13.529548] cloud-init[957]: |   ..*           |
[   13.532252] cloud-init[957]: |   .o +          |
[   13.534419] cloud-init[957]: |   E..           |
[   13.537243] cloud-init[957]: +----[SHA256]-----+
[   13.541216] cloud-init[957]: Generating public/private ecdsa key pair.
[   13.548108] cloud-init[957]: Your identification has been saved in /etc/ssh/ssh_host_ecdsa_key.
[   13.556083] cloud-init[957]: Your public key has been saved in /etc/ssh/ssh_host_ecdsa_key.pub.
[   13.560499] cloud-init[957]: The key fingerprint is:
[   13.565019] cloud-init[957]: SHA256:wm2fWl4iJs8X0a/ifTIerQeKeSaZBQC/+kTMXU4KApE root@ubuntu-xenial
[   13.567928] cloud-init[957]: The key's randomart image is:
[   13.571982] cloud-init[957]: +---[ECDSA 256]---+
[   13.575832] cloud-init[957]: |  oo..           |
[   13.579623] cloud-init[957]: |  E. ..          |
[   13.583579] cloud-init[957]: |    . o.  o.     |
[   13.586835] cloud-init[957]: |     = =.=. .    |
[   13.588813] cloud-init[957]: |      B S... .   |
[   13.590563] cloud-init[957]: |     o o .o....  |
[   13.595474] cloud-init[957]: |    . o o*=ooo.  |
[   13.600980] cloud-init[957]: |     o =*=*++oo  |
[   13.603248] cloud-init[957]: |      . +*oo+=   |
[   13.605925] cloud-init[957]: +----[SHA256]-----+
[   13.608321] cloud-init[957]: Generating public/private ed25519 key pair.
[   13.613214] cloud-init[957]: Your identification has been saved in /etc/ssh/ssh_host_ed25519_key.
[   13.615791] cloud-init[957]: Your public key has been saved in /etc/ssh/ssh_host_ed25519_key.pub.
[   13.618418] cloud-init[957]: The key fingerprint is:
[   13.620465] cloud-init[957]: SHA256:CIxrjc/JEYg0gruas/neap7oGzJA5Ka0f2xNA1GtDnM root@ubuntu-xenial
[   13.624311] cloud-init[957]: The key's randomart image is:
[   13.626376] cloud-init[957]: +--[ED25519 256]--+
[   13.628196] cloud-init[957]: |o+   ....        |
[   13.630020] cloud-init[957]: |*..+  .  .       |
[   13.631611] cloud-init[957]: |.*o +.  .        |
[   13.633691] cloud-init[957]: |* .+ =.E         |
[   13.635363] cloud-init[957]: |oo+ o *oS        |
[   13.637203] cloud-init[957]: |o..+.oo..        |
[   13.638864] cloud-init[957]: |+o .=+ .         |
[   13.640467] cloud-init[957]: |=+ooo            |
[   13.641031] cloud-init[957]: |=XB..            |
[   13.642843] cloud-init[957]: +----[SHA256]-----+
[[0;32m  OK  [0m] Started Initial cloud-init job (metadata service crawler).
[[0;32m  OK  [0m] Reached target System Initialization.
[[0;32m  OK  [0m] Started Daily Cleanup of Temporary Directories.
[[0;32m  OK  [0m] Started ACPI Events Check.
[[0;32m  OK  [0m] Reached target Paths.
         Starting LXD - unix socket.
[[0;32m  OK  [0m] Started Message of the Day.
[[0;32m  OK  [0m] Listening on UUID daemon activation socket.
[[0;32m  OK  [0m] Listening on D-Bus System Message Bus Socket.
[[0;32m  OK  [0m] Started Daily apt download activities.
[[0;32m  OK  [0m] Started Daily apt upgrade and clean activities.
         Starting Socket activation for snappy daemon.
[[0;32m  OK  [0m] Reached target Timers.
[[0;32m  OK  [0m] Listening on ACPID Listen Socket.
[[0;32m  OK  [0m] Reached target Network is Online.
         Starting iSCSI initiator daemon (iscsid)...
[[0;32m  OK  [0m] Reached target Cloud-config availability.
[[0;32m  OK  [0m] Listening on LXD - unix socket.
[[0;32m  OK  [0m] Listening on Socket activation for snappy daemon.
[[0;32m  OK  [0m] Reached target Sockets.
[[0;32m  OK  [0m] Reached target Basic System.
         Starting LSB: MD monitoring daemon...
         Starting Accounts Service...
         Starting Virtualbox guest utils...
[[0;32m  OK  [0m] Started FUSE filesystem for LXC.
[[0;32m  OK  [0m] Started D-Bus System Message Bus.
         Starting LXD - container startup/shutdown...
         Starting Login Service...
         Starting LSB: Record successful boot for GRUB...
         Starting Pollinate to seed the pseudo random number generator...
[[0;32m  OK  [0m] Started Regular background program processing daemon.
         Starting /etc/rc.local Compatibility...
         Starting System Logging Service...
[[0;32m  OK  [0m] Started ACPI event daemon.
[[0;32m  OK  [0m] Started Deferred execution scheduler.
         Starting Snappy daemon...
[[0;32m  OK  [0m] Started iSCSI initiator daemon (iscsid).
[[0;32m  OK  [0m] Started /etc/rc.local Compatibility.
[[0;32m  OK  [0m] Started System Logging Service.
[[0;32m  OK  [0m] Started Login Service.
[[0;32m  OK  [0m] Started Unattended Upgrades Shutdown.
         Starting Authenticate and Authorize Users to Run Privileged Tasks...
         Starting Login to default iSCSI targets...
[[0;32m  OK  [0m] Started LSB: MD monitoring daemon.
[[0;32m  OK  [0m] Started LSB: Record successful boot for GRUB.
[[0;32m  OK  [0m] Started Login to default iSCSI targets.
[[0;32m  OK  [0m] Reached target Remote File Systems (Pre).
[[0;32m  OK  [0m] Reached target Remote File Systems.
         Starting LSB: automatic crash report generation...
         Starting LSB: daemon to balance interrupts for SMP systems...
         Starting Permit User Sessions...
         Starting LSB: Set the CPU Frequency Scaling governor to "ondemand"...
[[0;32m  OK  [0m] Started Permit User Sessions.
[[0;32m  OK  [0m] Started Authenticate and Authorize Users to Run Privileged Tasks.
[[0;32m  OK  [0m] Started Accounts Service.
         Starting Terminate Plymouth Boot Screen...
         Starting Hold until boot process finishes up...
[[0;32m  OK  [0m] Started Hold until boot process finishes up.
[[0;32m  OK  [0m] Started Terminate Plymouth Boot Screen.
         Starting Set console scheme...
[[0;32m  OK  [0m] Started Serial Getty on ttyS0.
[[0;32m  OK  [0m] Started Getty on tty1.
[[0;32m  OK  [0m] Reached target Login Prompts.
[[0;32m  OK  [0m] Started Set console scheme.
[[0;32m  OK  [0m] Started LXD - container startup/shutdown.
[[0;32m  OK  [0m] Started LSB: Set the CPU Frequency Scaling governor to "ondemand".
[[0;32m  OK  [0m] Started LSB: daemon to balance interrupts for SMP systems.
[[0;32m  OK  [0m] Started Virtualbox guest utils.
[[0;32m  OK  [0m] Started LSB: automatic crash report generation.
[[0;32m  OK  [0m] Started Snappy daemon.
         Starting Wait until snapd is fully seeded...
[[0;32m  OK  [0m] Started Wait until snapd is fully seeded.
         Starting Apply the settings specified in cloud-config...
[[0;32m  OK  [0m] Started Pollinate to seed the pseudo random number generator.
         Starting OpenBSD Secure Shell server...
[[0;32m  OK  [0m] Started OpenBSD Secure Shell server.
[[0;32m  OK  [0m] Reached target Multi-User System.
[[0;32m  OK  [0m] Reached target Graphical Interface.
         Starting Update UTMP about System Runlevel Changes...
[[0;32m  OK  [0m] Started Update UTMP about System Runlevel Changes.
[[0;32m  OK  [0m] Created slice User Slice of vagrant.
         Starting User Manager for UID 1000...
[[0;32m  OK  [0m] Started Session 1 of user vagrant.
[[0;32m  OK  [0m] Started User Manager for UID 1000.
[   17.909704] cloud-init[1304]: Generating locales (this might take a while)...
[   20.142139] cloud-init[1304]:   en_US.UTF-8... done
[   20.148593] cloud-init[1304]: Generation complete.

Ubuntu 16.04.6 LTS ubuntu-xenial ttyS0

ubuntu-xenial login: [   20.732596] cloud-init[1304]: Cloud-init v. 19.4-33-gbb4131a2-0ubuntu1~16.04.1 running 'modules:config' at Mon, 25 May 2020 14:20:41 +0000. Up 17.63 seconds.
ci-info: no authorized SSH keys fingerprints found for user ubuntu.
<14>May 25 14:20:45 ec2: 
<14>May 25 14:20:45 ec2: #############################################################
<14>May 25 14:20:45 ec2: -----BEGIN SSH HOST KEY FINGERPRINTS-----
<14>May 25 14:20:45 ec2: 1024 SHA256:2MJyfOHx1edDUiEaAC+2AaO2lzR6dUJmxOrFqh82k7g root@ubuntu-xenial (DSA)
<14>May 25 14:20:45 ec2: 256 SHA256:wm2fWl4iJs8X0a/ifTIerQeKeSaZBQC/+kTMXU4KApE root@ubuntu-xenial (ECDSA)
<14>May 25 14:20:45 ec2: 256 SHA256:CIxrjc/JEYg0gruas/neap7oGzJA5Ka0f2xNA1GtDnM root@ubuntu-xenial (ED25519)
<14>May 25 14:20:45 ec2: 2048 SHA256:GmLnCgmpSnCJp9alJ/7s3SfINBSn1RfVyhfwVhh5eOI root@ubuntu-xenial (RSA)
<14>May 25 14:20:45 ec2: -----END SSH HOST KEY FINGERPRINTS-----
<14>May 25 14:20:45 ec2: #############################################################
-----BEGIN SSH HOST KEY KEYS-----
ecdsa-sha2-nistp256 AAAAE2VjZHNhLXNoYTItbmlzdHAyNTYAAAAIbmlzdHAyNTYAAABBBHF5YwitSAce5CyWCRLSfcVVoTKKsZYmjmW/jCBNFPTs82psEWHjFbWgjWjean+YrHkQjBDN7pqoymMHRi+X7t8= root@ubuntu-xenial
ssh-ed25519 AAAAC3NzaC1lZDI1NTE5AAAAIHNF0BEXGoq4eobSTh3gE+O8tPq94N0A1uMPcVePVBy0 root@ubuntu-xenial
ssh-rsa AAAAB3NzaC1yc2EAAAADAQABAAABAQDPUDthvFu3NW8L7ng0XxYCu9zZm79rponpunRPaoQl7nduHxRqBxe29Zun7Qp9yAK9qhzoRAzdNY5klOCFh3gBTOSLHf9vsRjhEGKnUsL6sFwplMpxd+EVyBAYT8fao7U9VomJU68XL+wUHMNRf4lg8vISmXGC1/GuPAE7eyeu6L9OsTt8BhqBP2JqPVDp4LWZF/6rsutPApZSuOGUtCgRsQysyYdHWm/8mv8VdmBvVqCmkkHmDUs7BIJ50at4r4i9DWhnc1HS3Y3955BpEvRBmHoDRy+mUmZW+8HVCGJDCP3mMuUlIpX6zsbZgAWYP2I+30l/tWxnfHPmeVPzPFlr root@ubuntu-xenial
-----END SSH HOST KEY KEYS-----
[   22.050260] cloud-init[1523]: Cloud-init v. 19.4-33-gbb4131a2-0ubuntu1~16.04.1 running 'modules:final' at Mon, 25 May 2020 14:20:45 +0000. Up 21.58 seconds.
[   22.053630] cloud-init[1523]: ci-info: no authorized SSH keys fingerprints found for user ubuntu.
[   22.058413] cloud-init[1523]: Cloud-init v. 19.4-33-gbb4131a2-0ubuntu1~16.04.1 finished at Mon, 25 May 2020 14:20:45 +0000. Datasource DataSourceNoCloud [seed=/dev/sdb][dsmode=net].  Up 22.03 seconds
