[    0.000000] Initializing cgroup subsys cpuset
[    0.000000] Initializing cgroup subsys cpu
[    0.000000] Initializing cgroup subsys cpuacct
[    0.000000] Linux version 4.4.0-178-generic (buildd@lgw01-amd64-017) (gcc version 5.4.0 20160609 (Ubuntu 5.4.0-6ubuntu1~16.04.12) ) #208-Ubuntu SMP Sun Apr 5 23:45:10 UTC 2020 (Ubuntu 4.4.0-178.208-generic 4.4.217)
[    0.000000] Command line: BOOT_IMAGE=/boot/vmlinuz-4.4.0-178-generic root=LABEL=cloudimg-rootfs ro console=tty1 console=ttyS0
[    0.000000] KERNEL supported cpus:
[    0.000000]   Intel GenuineIntel
[    0.000000]   AMD AuthenticAMD
[    0.000000]   Centaur CentaurHauls
[    0.000000] x86/fpu: xstate_offset[2]:  576, xstate_sizes[2]:  256
[    0.000000] x86/fpu: Supporting XSAVE feature 0x01: 'x87 floating point registers'
[    0.000000] x86/fpu: Supporting XSAVE feature 0x02: 'SSE registers'
[    0.000000] x86/fpu: Supporting XSAVE feature 0x04: 'AVX registers'
[    0.000000] x86/fpu: Enabled xstate features 0x7, context size is 832 bytes, using 'standard' format.
[    0.000000] e820: BIOS-provided physical RAM map:
[    0.000000] BIOS-e820: [mem 0x0000000000000000-0x000000000009fbff] usable
[    0.000000] BIOS-e820: [mem 0x000000000009fc00-0x000000000009ffff] reserved
[    0.000000] BIOS-e820: [mem 0x00000000000f0000-0x00000000000fffff] reserved
[    0.000000] BIOS-e820: [mem 0x0000000000100000-0x000000003ffeffff] usable
[    0.000000] BIOS-e820: [mem 0x000000003fff0000-0x000000003fffffff] ACPI data
[    0.000000] BIOS-e820: [mem 0x00000000fec00000-0x00000000fec00fff] reserved
[    0.000000] BIOS-e820: [mem 0x00000000fee00000-0x00000000fee00fff] reserved
[    0.000000] BIOS-e820: [mem 0x00000000fffc0000-0x00000000ffffffff] reserved
[    0.000000] NX (Execute Disable) protection: active
[    0.000000] SMBIOS 2.5 present.
[    0.000000] Hypervisor detected: KVM
[    0.000000] e820: last_pfn = 0x3fff0 max_arch_pfn = 0x400000000
[    0.000000] MTRR: Disabled
[    0.000000] x86/PAT: MTRRs disabled, skipping PAT initialization too.
[    0.000000] CPU MTRRs all blank - virtualized system.
[    0.000000] x86/PAT: Configuration [0-7]: WB  WT  UC- UC  WB  WT  UC- UC  
[    0.000000] found SMP MP-table at [mem 0x0009fff0-0x0009ffff] mapped at [ffff88000009fff0]
[    0.000000] Scanning 1 areas for low memory corruption
[    0.000000] RAMDISK: [mem 0x362e0000-0x37167fff]
[    0.000000] ACPI: Early table checksum verification disabled
[    0.000000] ACPI: RSDP 0x00000000000E0000 000024 (v02 VBOX  )
[    0.000000] ACPI: XSDT 0x000000003FFF0030 00003C (v01 VBOX   VBOXXSDT 00000001 ASL  00000061)
[    0.000000] ACPI: FACP 0x000000003FFF00F0 0000F4 (v04 VBOX   VBOXFACP 00000001 ASL  00000061)
[    0.000000] ACPI: DSDT 0x000000003FFF0470 0022EA (v02 VBOX   VBOXBIOS 00000002 INTL 20100528)
[    0.000000] ACPI: FACS 0x000000003FFF0200 000040
[    0.000000] ACPI: FACS 0x000000003FFF0200 000040
[    0.000000] ACPI: APIC 0x000000003FFF0240 00005C (v02 VBOX   VBOXAPIC 00000001 ASL  00000061)
[    0.000000] ACPI: SSDT 0x000000003FFF02A0 0001CC (v01 VBOX   VBOXCPUT 00000002 INTL 20100528)
[    0.000000] No NUMA configuration found
[    0.000000] Faking a node at [mem 0x0000000000000000-0x000000003ffeffff]
[    0.000000] NODE_DATA(0) allocated [mem 0x3ffeb000-0x3ffeffff]
[    0.000000] kvm-clock: Using msrs 4b564d01 and 4b564d00
[    0.000000] kvm-clock: cpu 0, msr 0:3ffe3001, primary cpu clock
[    0.000000] kvm-clock: using sched offset of 4334644956 cycles
[    0.000000] clocksource: kvm-clock: mask: 0xffffffffffffffff max_cycles: 0x1cd42e4dffb, max_idle_ns: 881590591483 ns
[    0.000000] Zone ranges:
[    0.000000]   DMA      [mem 0x0000000000001000-0x0000000000ffffff]
[    0.000000]   DMA32    [mem 0x0000000001000000-0x000000003ffeffff]
[    0.000000]   Normal   empty
[    0.000000]   Device   empty
[    0.000000] Movable zone start for each node
[    0.000000] Early memory node ranges
[    0.000000]   node   0: [mem 0x0000000000001000-0x000000000009efff]
[    0.000000]   node   0: [mem 0x0000000000100000-0x000000003ffeffff]
[    0.000000] Initmem setup node 0 [mem 0x0000000000001000-0x000000003ffeffff]
[    0.000000] ACPI: PM-Timer IO Port: 0x4008
[    0.000000] IOAPIC[0]: apic_id 2, version 32, address 0xfec00000, GSI 0-23
[    0.000000] ACPI: INT_SRC_OVR (bus 0 bus_irq 0 global_irq 2 dfl dfl)
[    0.000000] ACPI: INT_SRC_OVR (bus 0 bus_irq 9 global_irq 9 low level)
[    0.000000] Using ACPI (MADT) for SMP configuration information
[    0.000000] smpboot: Allowing 2 CPUs, 0 hotplug CPUs
[    0.000000] PM: Registered nosave memory: [mem 0x00000000-0x00000fff]
[    0.000000] PM: Registered nosave memory: [mem 0x0009f000-0x0009ffff]
[    0.000000] PM: Registered nosave memory: [mem 0x000a0000-0x000effff]
[    0.000000] PM: Registered nosave memory: [mem 0x000f0000-0x000fffff]
[    0.000000] e820: [mem 0x40000000-0xfebfffff] available for PCI devices
[    0.000000] Booting paravirtualized kernel on KVM
[    0.000000] clocksource: refined-jiffies: mask: 0xffffffff max_cycles: 0xffffffff, max_idle_ns: 7645519600211568 ns
[    0.000000] setup_percpu: NR_CPUS:512 nr_cpumask_bits:512 nr_cpu_ids:2 nr_node_ids:1
[    0.000000] PERCPU: Embedded 33 pages/cpu @ffff88003fc00000 s95448 r8192 d31528 u1048576
[    0.000000] Built 1 zonelists in Node order, mobility grouping on.  Total pages: 257912
[    0.000000] Policy zone: DMA32
[    0.000000] Kernel command line: BOOT_IMAGE=/boot/vmlinuz-4.4.0-178-generic root=LABEL=cloudimg-rootfs ro console=tty1 console=ttyS0
[    0.000000] PID hash table entries: 4096 (order: 3, 32768 bytes)
[    0.000000] Memory: 997672K/1048120K available (8626K kernel code, 1336K rwdata, 4036K rodata, 1488K init, 1292K bss, 50448K reserved, 0K cma-reserved)
[    0.000000] SLUB: HWalign=64, Order=0-3, MinObjects=0, CPUs=2, Nodes=1
[    0.000000] Kernel/User page tables isolation: enabled
[    0.000000] Hierarchical RCU implementation.
[    0.000000] 	Build-time adjustment of leaf fanout to 64.
[    0.000000] 	RCU restricting CPUs from NR_CPUS=512 to nr_cpu_ids=2.
[    0.000000] RCU: Adjusting geometry for rcu_fanout_leaf=64, nr_cpu_ids=2
[    0.000000] NR_IRQS:33024 nr_irqs:440 16
[    0.000000] Console: colour VGA+ 80x25
[    0.000000] console [tty1] enabled
[    0.000000] console [ttyS0] enabled
[    0.000000] tsc: Detected 2712.002 MHz processor
[    0.220980] Calibrating delay loop (skipped) preset value.. 5424.00 BogoMIPS (lpj=10848008)
[    0.224135] pid_max: default: 32768 minimum: 301
[    0.225472] ACPI: Core revision 20150930
[    0.229240] ACPI: 2 ACPI AML tables successfully acquired and loaded
[    0.231448] Security Framework initialized
[    0.233334] Yama: becoming mindful.
[    0.234692] AppArmor: AppArmor initialized
[    0.236429] Dentry cache hash table entries: 131072 (order: 8, 1048576 bytes)
[    0.242214] Inode-cache hash table entries: 65536 (order: 7, 524288 bytes)
[    0.244931] Mount-cache hash table entries: 2048 (order: 2, 16384 bytes)
[    0.247400] Mountpoint-cache hash table entries: 2048 (order: 2, 16384 bytes)
[    0.250249] Initializing cgroup subsys io
[    0.252027] Initializing cgroup subsys memory
[    0.253409] Initializing cgroup subsys devices
[    0.254941] Initializing cgroup subsys freezer
[    0.256495] Initializing cgroup subsys net_cls
[    0.257930] Initializing cgroup subsys perf_event
[    0.259298] Initializing cgroup subsys net_prio
[    0.260919] Initializing cgroup subsys hugetlb
[    0.262562] Initializing cgroup subsys pids
[    0.265426] mce: CPU supports 0 MCE banks
[    0.266773] Last level iTLB entries: 4KB 64, 2MB 8, 4MB 8
[    0.268111] Last level dTLB entries: 4KB 64, 2MB 0, 4MB 0, 1GB 4
[    0.269519] Spectre V1 : Mitigation: usercopy/swapgs barriers and __user pointer sanitization
[    0.271775] Spectre V2 : Mitigation: Full generic retpoline
[    0.273515] Spectre V2 : Spectre v2 / SpectreRSB mitigation: Filling RSB on context switch
[    0.275946] Speculative Store Bypass: Vulnerable
[    0.277441] MDS: Vulnerable: Clear CPU buffers attempted, no microcode
[    0.282480] Freeing SMP alternatives memory: 36K
[    0.291109] ftrace: allocating 32308 entries in 127 pages
[    0.365683] smpboot: APIC(0) Converting physical 0 to logical package 0
[    0.367490] smpboot: Max logical packages: 1
[    0.368967] x2apic enabled
[    0.370171] Switched APIC routing to physical x2apic.
[    0.373170] ..TIMER: vector=0x30 apic1=0 pin1=2 apic2=-1 pin2=-1
[    0.482797] smpboot: CPU0: Intel(R) Core(TM) i5-7200U CPU @ 2.50GHz (family: 0x6, model: 0x8e, stepping: 0x9)
[    0.485839] Performance Events: unsupported p6 CPU model 142 no PMU driver, software events only.
[    0.501152] KVM setup paravirtual spinlock
[    0.503114] x86: Booting SMP configuration:
[    0.504419] .... node  #0, CPUs:      #1
[    0.505691] kvm-clock: cpu 1, msr 0:3ffe3041, secondary cpu clock
[    0.508535] mce: CPU supports 0 MCE banks
[    0.511676] x86: Booted up 1 node, 2 CPUs
[    0.513171] smpboot: Total of 2 processors activated (10848.00 BogoMIPS)
[    0.515782] devtmpfs: initialized
[    0.518732] evm: security.selinux
[    0.519782] evm: security.SMACK64
[    0.520899] evm: security.SMACK64EXEC
[    0.522481] evm: security.SMACK64TRANSMUTE
[    0.524116] evm: security.SMACK64MMAP
[    0.525532] evm: security.ima
[    0.526649] evm: security.capability
[    0.528312] clocksource: jiffies: mask: 0xffffffff max_cycles: 0xffffffff, max_idle_ns: 7645041785100000 ns
[    0.530798] futex hash table entries: 512 (order: 3, 32768 bytes)
[    0.532617] pinctrl core: initialized pinctrl subsystem
[    0.534189] RTC time: 14:53:44, date: 06/07/20
[    0.535664] NET: Registered protocol family 16
[    0.548139] cpuidle: using governor ladder
[    0.560021] cpuidle: using governor menu
[    0.561592] PCCT header not found.
[    0.562798] ACPI: bus type PCI registered
[    0.564045] acpiphp: ACPI Hot Plug PCI Controller Driver version: 0.5
[    0.565770] PCI: Using configuration type 1 for base access
[    0.581055] ACPI: Added _OSI(Module Device)
[    0.582239] ACPI: Added _OSI(Processor Device)
[    0.583435] ACPI: Added _OSI(3.0 _SCP Extensions)
[    0.584768] ACPI: Added _OSI(Processor Aggregator Device)
[    0.586848] ACPI: Executed 1 blocks of module-level executable AML code
[    0.591103] ACPI: Interpreter enabled
[    0.592198] ACPI: (supports S0 S5)
[    0.593216] ACPI: Using IOAPIC for interrupt routing
[    0.594800] PCI: Using host bridge windows from ACPI; if necessary, use "pci=nocrs" and report a bug
[    0.601356] ACPI: PCI Root Bridge [PCI0] (domain 0000 [bus 00-ff])
[    0.602873] acpi PNP0A03:00: _OSC: OS supports [ASPM ClockPM Segments MSI]
[    0.604873] acpi PNP0A03:00: _OSC: not requesting OS control; OS requires [ExtendedConfig ASPM ClockPM MSI]
[    0.607440] acpi PNP0A03:00: fail to add MMCONFIG information, can't access extended PCI configuration space under this bridge.
[    0.610637] PCI host bridge to bus 0000:00
[    0.611834] pci_bus 0000:00: root bus resource [io  0x0000-0x0cf7 window]
[    0.613598] pci_bus 0000:00: root bus resource [io  0x0d00-0xffff window]
[    0.615234] pci_bus 0000:00: root bus resource [mem 0x000a0000-0x000bffff window]
[    0.617305] pci_bus 0000:00: root bus resource [mem 0x40000000-0xfdffffff window]
[    0.619459] pci_bus 0000:00: root bus resource [bus 00-ff]
[    0.623033] pci 0000:00:01.1: legacy IDE quirk: reg 0x10: [io  0x01f0-0x01f7]
[    0.624737] pci 0000:00:01.1: legacy IDE quirk: reg 0x14: [io  0x03f6]
[    0.626359] pci 0000:00:01.1: legacy IDE quirk: reg 0x18: [io  0x0170-0x0177]
[    0.628036] pci 0000:00:01.1: legacy IDE quirk: reg 0x1c: [io  0x0376]
[    0.665304] pci 0000:00:07.0: quirk: [io  0x4000-0x403f] claimed by PIIX4 ACPI
[    0.667342] pci 0000:00:07.0: quirk: [io  0x4100-0x410f] claimed by PIIX4 SMB
[    0.676363] ACPI: PCI Interrupt Link [LNKA] (IRQs 5 9 10 *11)
[    0.678702] ACPI: PCI Interrupt Link [LNKB] (IRQs 5 9 *10 11)
[    0.680829] ACPI: PCI Interrupt Link [LNKC] (IRQs 5 *9 10 11)
[    0.683025] ACPI: PCI Interrupt Link [LNKD] (IRQs 5 9 10 *11)
[    0.685307] ACPI: Enabled 2 GPEs in block 00 to 07
[    0.687239] vgaarb: setting as boot device: PCI:0000:00:02.0
[    0.688792] vgaarb: device added: PCI:0000:00:02.0,decodes=io+mem,owns=io+mem,locks=none
[    0.691089] vgaarb: loaded
[    0.692085] vgaarb: bridge control possible 0000:00:02.0
[    0.693741] SCSI subsystem initialized
[    0.695100] ACPI: bus type USB registered
[    0.696388] usbcore: registered new interface driver usbfs
[    0.697799] usbcore: registered new interface driver hub
[    0.699252] usbcore: registered new device driver usb
[    0.700958] PCI: Using ACPI for IRQ routing
[    0.702558] NetLabel: Initializing
[    0.703562] NetLabel:  domain hash size = 128
[    0.704814] NetLabel:  protocols = UNLABELED CIPSOv4
[    0.710167] NetLabel:  unlabeled traffic allowed by default
[    0.711897] amd_nb: Cannot enumerate AMD northbridges
[    0.713375] clocksource: Switched to clocksource kvm-clock
[    0.726896] AppArmor: AppArmor Filesystem Enabled
[    0.728285] pnp: PnP ACPI init
[    0.730219] pnp: PnP ACPI: found 3 devices
[    0.741509] clocksource: acpi_pm: mask: 0xffffff max_cycles: 0xffffff, max_idle_ns: 2085701024 ns
[    0.744146] NET: Registered protocol family 2
[    0.746182] TCP established hash table entries: 8192 (order: 4, 65536 bytes)
[    0.748686] TCP bind hash table entries: 8192 (order: 5, 131072 bytes)
[    0.750771] TCP: Hash tables configured (established 8192 bind 8192)
[    0.752917] UDP hash table entries: 512 (order: 2, 16384 bytes)
[    0.754598] UDP-Lite hash table entries: 512 (order: 2, 16384 bytes)
[    0.756747] NET: Registered protocol family 1
[    0.758330] pci 0000:00:00.0: Limiting direct PCI/PCI transfers
[    0.760526] pci 0000:00:01.0: Activating ISA DMA hang workarounds
[    0.762449] Unpacking initramfs...
[    1.022774] Freeing initrd memory: 14880K
[    1.024182] clocksource: tsc: mask: 0xffffffffffffffff max_cycles: 0x2717880cafa, max_idle_ns: 440795252614 ns
[    1.027144] platform rtc_cmos: registered platform RTC device (no PNP device found)
[    1.029436] Scanning for low memory corruption every 60 seconds
[    1.031317] audit: initializing netlink subsys (disabled)
[    1.033004] audit: type=2000 audit(1591541631.370:1): initialized
[    1.034954] Initialise system trusted keyring
[    1.036500] HugeTLB registered 2 MB page size, pre-allocated 0 pages
[    1.039737] zbud: loaded
[    1.041047] VFS: Disk quotas dquot_6.6.0
[    1.042325] VFS: Dquot-cache hash table entries: 512 (order 0, 4096 bytes)
[    1.044426] squashfs: version 4.0 (2009/01/31) Phillip Lougher
[    1.046343] fuse init (API version 7.23)
[    1.047744] Key type big_key registered
[    1.048960] Allocating IMA MOK and blacklist keyrings.
[    1.052770] Key type asymmetric registered
[    1.054099] Asymmetric key parser 'x509' registered
[    1.055498] Block layer SCSI generic (bsg) driver version 0.4 loaded (major 249)
[    1.057865] io scheduler noop registered
[    1.059008] io scheduler deadline registered (default)
[    1.060523] io scheduler cfq registered
[    1.061787] pci_hotplug: PCI Hot Plug PCI Core version: 0.5
[    1.063376] pciehp: PCI Express Hot Plug Controller Driver version: 0.4
[    1.065453] ACPI: AC Adapter [AC] (on-line)
[    1.066639] input: Power Button as /devices/LNXSYSTM:00/LNXPWRBN:00/input/input0
[    1.068838] ACPI: Power Button [PWRF]
[    1.070098] input: Sleep Button as /devices/LNXSYSTM:00/LNXSLPBN:00/input/input1
[    1.072385] ACPI: Sleep Button [SLPF]
[    1.074594] ACPI: Battery Slot [BAT0] (battery present)
[    1.076053] GHES: HEST is not enabled!
[    1.077328] Serial: 8250/16550 driver, 32 ports, IRQ sharing enabled
[    1.099979] 00:02: ttyS0 at I/O 0x3f8 (irq = 4, base_baud = 115200) is a 16550A
[    1.103500] Linux agpgart interface v0.103
[    1.106619] loop: module loaded
[    1.108283] scsi host0: ata_piix
[    1.109480] scsi host1: ata_piix
[    1.110469] ata1: PATA max UDMA/33 cmd 0x1f0 ctl 0x3f6 bmdma 0xd000 irq 14
[    1.112155] ata2: PATA max UDMA/33 cmd 0x170 ctl 0x376 bmdma 0xd008 irq 15
[    1.114044] libphy: Fixed MDIO Bus: probed
[    1.115237] tun: Universal TUN/TAP device driver, 1.6
[    1.116525] tun: (C) 1999-2004 Max Krasnyansky <maxk@qualcomm.com>
[    1.118166] PPP generic driver version 2.4.2
[    1.119381] ehci_hcd: USB 2.0 'Enhanced' Host Controller (EHCI) Driver
[    1.120905] ehci-pci: EHCI PCI platform driver
[    1.122117] ehci-platform: EHCI generic platform driver
[    1.123420] ohci_hcd: USB 1.1 'Open' Host Controller (OHCI) Driver
[    1.124876] ohci-pci: OHCI PCI platform driver
[    1.126062] ohci-platform: OHCI generic platform driver
[    1.127370] uhci_hcd: USB Universal Host Controller Interface driver
[    1.129008] i8042: PNP: PS/2 Controller [PNP0303:PS2K,PNP0f03:PS2M] at 0x60,0x64 irq 1,12
[    1.131751] serio: i8042 KBD port at 0x60,0x64 irq 1
[    1.132998] serio: i8042 AUX port at 0x60,0x64 irq 12
[    1.135027] mousedev: PS/2 mouse device common for all mice
[    1.137437] input: AT Translated Set 2 keyboard as /devices/platform/i8042/serio0/input/input2
[    1.139669] rtc_cmos rtc_cmos: rtc core: registered rtc_cmos as rtc0
[    1.141354] rtc_cmos rtc_cmos: alarms up to one day, 114 bytes nvram
[    1.142880] i2c /dev entries driver
[    1.144089] device-mapper: uevent: version 1.0.3
[    1.145369] device-mapper: ioctl: 4.34.0-ioctl (2015-10-28) initialised: dm-devel@redhat.com
[    1.147628] ledtrig-cpu: registered to indicate activity on CPUs
[    1.149646] NET: Registered protocol family 10
[    1.151163] NET: Registered protocol family 17
[    1.152476] Key type dns_resolver registered
[    1.153979] registered taskstats version 1
[    1.155184] Loading compiled-in X.509 certificates
[    1.157092] Loaded X.509 cert 'Build time autogenerated kernel key: f33c437cc9123d9712070bdfe932b55b24c56047'
[    1.159851] zswap: loaded using pool lzo/zbud
[    1.163493] Key type trusted registered
[    1.168095] Key type encrypted registered
[    1.169339] AppArmor: AppArmor sha1 policy hashing enabled
[    1.171525] ima: No TPM chip found, activating TPM-bypass!
[    1.173524] ima: Allocated hash algorithm: sha1
[    1.175051] evm: HMAC attrs: 0x1
[    1.176328]   Magic number: 8:349:889
[    1.177477] rtc_cmos rtc_cmos: setting system clock to 2020-06-07 14:53:45 UTC (1591541625)
[    1.179761] BIOS EDD facility v0.16 2004-Jun-25, 0 devices found
[    1.181187] EDD information not available.
[    1.274691] Freeing unused kernel memory: 1488K
[    1.279028] Write protecting the kernel read-only data: 14336k
[    1.283647] Freeing unused kernel memory: 1604K
[    1.286531] Freeing unused kernel memory: 60K
Loading, please wait...
starting version 229
[    1.309638] random: systemd-udevd: uninitialized urandom read (16 bytes read, 3 bits of entropy available)
[    1.310632] random: udevadm: uninitialized urandom read (16 bytes read, 3 bits of entropy available)
[    1.310658] random: udevadm: uninitialized urandom read (16 bytes read, 3 bits of entropy available)
[    1.320001] random: systemd-udevd: uninitialized urandom read (16 bytes read, 3 bits of entropy available)
[    1.323475] random: udevadm: uninitialized urandom read (16 bytes read, 3 bits of entropy available)
[    1.323518] random: udevadm: uninitialized urandom read (16 bytes read, 3 bits of entropy available)
[    1.323711] random: udevadm: uninitialized urandom read (16 bytes read, 3 bits of entropy available)
[    1.323813] random: udevadm: uninitialized urandom read (16 bytes read, 3 bits of entropy available)
[    1.323918] random: udevadm: uninitialized urandom read (16 bytes read, 3 bits of entropy available)
[    1.324022] random: udevadm: uninitialized urandom read (16 bytes read, 3 bits of entropy available)
[    1.388081] Fusion MPT base driver 3.04.20
[    1.389458] Copyright (c) 1999-2008 LSI Corporation
[    1.391285] e1000: Intel(R) PRO/1000 Network Driver - version 7.3.21-k8-NAPI
[    1.392885] e1000: Copyright (c) 1999-2006 Intel Corporation.
[    1.405261] Fusion MPT SPI Host driver 3.04.20
[    1.427935] AVX2 version of gcm_enc/dec engaged.
[    1.429731] AES CTR mode by8 optimization enabled
[    1.602963] input: ImExPS/2 Generic Explorer Mouse as /devices/platform/i8042/serio1/input/input4
[    1.825066] e1000 0000:00:03.0 eth0: (PCI:33MHz:32-bit) 02:bc:94:f1:bf:de
[    1.826803] e1000 0000:00:03.0 eth0: Intel(R) PRO/1000 Network Connection
[    1.829349] mptbase: ioc0: Initiating bringup
[    1.831455] e1000 0000:00:03.0 enp0s3: renamed from eth0
[    1.897808] ioc0: LSI53C1030 A0: Capabilities={Initiator}
[    2.064704] scsi host2: ioc0: LSI53C1030 A0, FwRev=00000000h, Ports=1, MaxQ=256, IRQ=20
[    2.179757] scsi 2:0:0:0: Direct-Access     VBOX     HARDDISK         1.0  PQ: 0 ANSI: 5
[    2.188629] scsi target2:0:0: Beginning Domain Validation
[    2.201226] scsi target2:0:0: Domain Validation skipping write tests
[    2.204491] scsi target2:0:0: Ending Domain Validation
[    2.207257] scsi target2:0:0: asynchronous
[    2.210541] scsi 2:0:1:0: Direct-Access     VBOX     HARDDISK         1.0  PQ: 0 ANSI: 5
[    2.213668] scsi target2:0:1: Beginning Domain Validation
[    2.218447] scsi target2:0:1: Domain Validation skipping write tests
[    2.219941] scsi target2:0:1: Ending Domain Validation
[    2.221276] scsi target2:0:1: asynchronous
[    2.244001] sd 2:0:0:0: Attached scsi generic sg0 type 0
[    2.246048] sd 2:0:0:0: [sda] 20971520 512-byte logical blocks: (10.7 GB/10.0 GiB)
[    2.248363] sd 2:0:1:0: Attached scsi generic sg1 type 0
[    2.248661] sd 2:0:1:0: [sdb] 20480 512-byte logical blocks: (10.5 MB/10.0 MiB)
[    2.248855] sd 2:0:1:0: [sdb] Write Protect is off
[    2.248989] sd 2:0:1:0: [sdb] Incomplete mode parameter data
[    2.248990] sd 2:0:1:0: [sdb] Assuming drive cache: write through
[    2.254095] sd 2:0:0:0: [sda] Write Protect is off
[    2.254285] sd 2:0:0:0: [sda] Incomplete mode parameter data
[    2.254287] sd 2:0:0:0: [sda] Assuming drive cache: write through
[    2.261629]  sda: sda1
[    2.263051] sd 2:0:0:0: [sda] Attached SCSI disk
[    2.263554] sd 2:0:1:0: [sdb] Attached SCSI disk
Begin: Loading essential drivers ... [    3.814956] md: linear personality registered for level -1
[    3.818810] md: multipath personality registered for level -4
[    3.822805] md: raid0 personality registered for level 0
[    3.828051] md: raid1 personality registered for level 1
[    3.897446] raid6: sse2x1   gen() 10259 MB/s
[    3.965754] raid6: sse2x1   xor()  7946 MB/s
[    4.034080] raid6: sse2x2   gen() 12997 MB/s
[    4.101426] raid6: sse2x2   xor()  9025 MB/s
[    4.169727] raid6: sse2x4   gen() 14470 MB/s
[    4.238068] raid6: sse2x4   xor()  9974 MB/s
[    4.305412] raid6: avx2x1   gen() 20176 MB/s
[    4.373715] raid6: avx2x2   gen() 23633 MB/s
[    4.442046] raid6: avx2x4   gen() 26020 MB/s
[    4.443238] raid6: using algorithm avx2x4 gen() 26020 MB/s
[    4.444728] raid6: using avx2x2 recovery algorithm
[    4.447476] xor: automatically using best checksumming function:
[    4.485473]    avx       : 24048.000 MB/sec
[    4.488035] async_tx: api initialized (async)
[    4.499686] md: raid6 personality registered for level 6
[    4.501038] md: raid5 personality registered for level 5
[    4.502516] md: raid4 personality registered for level 4
[    4.510277] md: raid10 personality registered for level 10
done.
Begin: Running /scripts/init-premount ... done.
Begin: Mounting root file system ... Begin: Running /scripts/local-top ... done.
Begin: Running /scripts/local-premount ... [    4.545723] Btrfs loaded
Scanning for Btrfs filesystems
done.
Warning: fsck not present, so skipping root file system
[    4.585439] EXT4-fs (sda1): mounted filesystem with ordered data mode. Opts: (null)
done.
Begin: Running /scripts/local-bottom ... done.
Begin: Running /scripts/init-bottom ... done.
[    4.712732] systemd[1]: systemd 229 running in system mode. (+PAM +AUDIT +SELINUX +IMA +APPARMOR +SMACK +SYSVINIT +UTMP +LIBCRYPTSETUP +GCRYPT +GNUTLS +ACL +XZ -LZ4 +SECCOMP +BLKID +ELFUTILS +KMOD -IDN)
[    4.717902] systemd[1]: Detected virtualization oracle.
[    4.719744] systemd[1]: Detected architecture x86-64.

Welcome to [1mUbuntu 16.04.6 LTS[0m!

[    4.725400] systemd[1]: Set hostname to <ubuntu>.
[    4.730024] systemd[1]: Initializing machine ID from random generator.
[    4.732077] systemd[1]: Installed transient /etc/machine-id file.
[    4.885876] systemd[1]: Listening on Syslog Socket.
[[0;32m  OK  [0m] Listening on Syslog Socket.
[    4.888366] systemd[1]: Listening on udev Control Socket.
[[0;32m  OK  [0m] Listening on udev Control Socket.
[    4.890836] systemd[1]: Listening on Journal Socket.
[[0;32m  OK  [0m] Listening on Journal Socket.
[    4.893137] systemd[1]: Listening on /dev/initctl Compatibility Named Pipe.
[[0;32m  OK  [0m] Listening on /dev/initctl Compatibility Named Pipe.
[    4.896104] systemd[1]: Listening on LVM2 metadata daemon socket.
[[0;32m  OK  [0m] Listening on LVM2 metadata daemon socket.
[    4.898891] systemd[1]: Listening on udev Kernel Socket.
[[0;32m  OK  [0m] Listening on udev Kernel Socket.
[    4.902447] systemd[1]: Reached target System Time Synchronized.
[[0;32m  OK  [0m] Reached target System Time Synchronized.
[    4.905443] systemd[1]: Set up automount Arbitrary Executable File Formats File System Automount Point.
[[0;32m  OK  [0m] Set up automount Arbitrary Executab...ats File System Automount Point.
[    4.909446] systemd[1]: Created slice User and Session Slice.
[[0;32m  OK  [0m] Created slice User and Session Slice.
[    5.027100] systemd[1]: Listening on Device-mapper event daemon FIFOs.
[[0;32m  OK  [0m] Listening on Device-mapper event daemon FIFOs.
[    5.040244] systemd[1]: Started Trigger resolvconf update for networkd DNS.
[[0;32m  OK  [0m] Started Trigger resolvconf update for networkd DNS.
[    5.052030] systemd[1]: Reached target Swap.
[[0;32m  OK  [0m] Reached target Swap.
[    5.056053] systemd[1]: Reached target User and Group Name Lookups.
[[0;32m  OK  [0m] Reached target User and Group Name Lookups.
[    5.060177] systemd[1]: Listening on LVM2 poll daemon socket.
[[0;32m  OK  [0m] Listening on LVM2 poll daemon socket.
[    5.070626] systemd[1]: Started Forward Password Requests to Wall Directory Watch.
[[0;32m  OK  [0m] Started Forward Password Requests to Wall Directory Watch.
[    5.074238] systemd[1]: Listening on Journal Audit Socket.
[[0;32m  OK  [0m] Listening on Journal Audit Socket.
[    5.092173] systemd[1]: Created slice System Slice.
[[0;32m  OK  [0m] Created slice System Slice.
[    5.552935] systemd[1]: Created slice system-serial\x2dgetty.slice.
[[0;32m  OK  [0m] Created slice system-serial\x2dgetty.slice.
[    5.557177] systemd[1]: Reached target Slices.
[[0;32m  OK  [0m] Reached target Slices.
[    5.670154] systemd[1]: Starting Create list of required static device nodes for the current kernel...
         Starting Create list of required st... nodes for the current kernel...
[    5.682274] systemd[1]: Mounting Huge Pages File System...
         Mounting Huge Pages File System...
[    5.688023] systemd[1]: Starting Set console keymap...
         Starting Set console keymap...
[    5.692322] systemd[1]: Starting Remount Root and Kernel File Systems...
         Starting Remount Root and Kernel File Systems...
[    5.696809] EXT4-fs (sda1): re-mounted. Opts: (null)
[    5.702754] systemd[1]: Starting Monitoring of LVM2 mirrors, snapshots etc. using dmeventd or progress polling...
         Starting Monitoring of LVM2 mirrors... dmeventd or progress polling...
[    5.708047] systemd[1]: Starting Uncomplicated firewall...
         Starting Uncomplicated firewall...
[    5.718997] systemd[1]: Mounting Debug File System...
         Mounting Debug File System...
[    5.726026] systemd[1]: Starting Nameserver information manager...
         Starting Nameserver information manager...
[    5.733102] systemd[1]: Starting Load Kernel Modules...
         Starting Load Kernel Modules...
[    5.735933] systemd[1]: Reached target Encrypted Volumes.
[[0;32m  OK  [0m] Reached target Encrypted Volumes.
[    5.740477] systemd[1]: Listening on Journal Socket (/dev/log).
[[0;32m  OK  [0m] Listening on Journal Socket (/dev/log).
[    5.744438] systemd[1]: Starting Journal Service...
         Starting Journal Service...
[    5.751458] systemd[1]: Mounting POSIX Message Queue File System...
         Mounting POSIX Message Queue File System...
[    5.761684] systemd[1]: Mounted Huge Pages File System.
[[0;32m  OK  [0m] Mounted Huge Pages File System.
[    5.765640] systemd[1]: Mounted Debug File System.
[[0;32m  OK  [0m] Mounted Debug File System.
[    5.775884] systemd[1]: Mounted POSIX Message Queue File System.
[[0;32m  OK  [0m] Mounted POSIX Message Queue File System.
[    5.783769] systemd[1]: Started Create list of required static device nodes for the current kernel.
[[0;32m  OK  [[    5.787970] Loading iSCSI transport class v2.0-870.
0m] Started Create list of required sta...ce nodes for the current kernel.
[    5.794770] systemd[1]: Started Remount Root and Kernel File Systems.
[[0;32m  OK  [0m] Started Remount Root and Kernel File Systems.
[    5.799144] systemd[1]: Started Uncomplicated firewall.
[[0;32m  OK  [0m] Started Uncomplicated firewall.
[    5.810726] iscsi: registered transport (tcp)
[    5.820029] systemd[1]: Started Journal Service.
[[0;32m  OK  [0m] Started Journal Service.
[[0;32m  OK  [0m] Started Set console keymap.
[    5.854314] iscsi: registered transport (iser)
[[0;32m  OK  [0m] Started Nameserver information manager.
[[0;32m  OK  [0m] Started Load Kernel Modules.
[[0;32m  OK  [0m] Started LVM2 metadata daemon.
         Starting Apply Kernel Variables...
         Mounting FUSE Control File System...
         Starting udev Coldplug all Devices...
         Starting Load/Save Random Seed...
         Starting Flush Journal to Persistent Storage...
         Starting Create Static Device Nodes in /dev...
[[0;32m  OK  [0m] Mounted FUSE Control File System.
[[0;32m  OK  [0m] Started Load/Save Random Seed.
[    5.908527] systemd-journald[396]: Received request to flush runtime journal from PID 1
[[0;32m  OK  [0m] Started Flush Journal to Persistent Storage.
[[0;32m  OK  [0m] Started Apply Kernel Variables.
[[0;32m  OK  [0m] Started Create Static Device Nodes in /dev.
         Starting udev Kernel Device Manager...
[[0;32m  OK  [0m] Started udev Kernel Device Manager.
[[0;32m  OK  [0m] Started udev Coldplug all Devices.
[[0;32m  OK  [0m] Started Dispatch Password Requests to Console Directory Watch.
[[0;32m  OK  [0m] Started Monitoring of LVM2 mirrors,...ng dmeventd or progress polling.
[[0;32m  OK  [0m] Reached target Local File Systems (Pre).
[[0;32m  OK  [0m] Reached target Local File Systems.
         Starting LSB: AppArmor initialization...
         Starting Commit a transient machine-id on disk...
         Starting Tell Plymouth To Write Out Runtime Data...
         Starting Set console font and keymap...
         Starting Create Volatile Files and Directories...
         Starting Initial cloud-init job (pre-networking)...
[[0;32m  OK  [0m] Found device /dev/ttyS0.
[[0;32m  OK  [0m] Started Create Volatile Files and Directories.
         Starting Update UTMP about System Boot/Shutdown...
[[0;32m  OK  [0m] Started Tell Plymouth To Write Out Runtime Data.
[[0;32m  OK  [0m] Started Update UTMP about System Boot/Shutdown.
[[0;32m  OK  [0m] Started Commit a transient machine-id on disk.
[[0;32m  OK  [0m] Listening on Load/Save RF Kill Switch Status /dev/rfkill Watch.
[    8.093049] cloud-init[496]: Cloud-init v. 19.4-33-gbb4131a2-0ubuntu1~16.04.1 running 'init-local' at Sun, 07 Jun 2020 14:53:51 +0000. Up 7.33 seconds.
[[0;32m  OK  [0m] Started Initial cloud-init job (pre-networking).
[[0;32m  OK  [0m] Reached target Network (Pre).
[[0;32m  OK  [0m] Started LSB: AppArmor initialization.
         Starting Raise network interfaces...
[[0;32m  OK  [0m] Started Set console font and keymap.
[[0;32m  OK  [0m] Created slice system-getty.slice.
[[0;32m  OK  [0m] Started Raise network interfaces.
[[0;32m  OK  [0m] Reached target Network.
         Starting Initial cloud-init job (metadata service crawler)...
[   10.355581] cloud-init[949]: Cloud-init v. 19.4-33-gbb4131a2-0ubuntu1~16.04.1 running 'init' at Sun, 07 Jun 2020 14:53:54 +0000. Up 9.45 seconds.
[   10.357981] cloud-init[949]: ci-info: ++++++++++++++++++++++++++++++++++++++Net device info++++++++++++++++++++++++++++++++++++++
[   10.360302] cloud-init[949]: ci-info: +--------+------+----------------------------+---------------+--------+-------------------+
[   10.364824] cloud-init[949]: ci-info: | Device |  Up  |          Address           |      Mask     | Scope  |     Hw-Address    |
[   10.368772] cloud-init[949]: ci-info: +--------+------+----------------------------+---------------+--------+-------------------+
[   10.372658] cloud-init[949]: ci-info: | enp0s3 | True |         10.0.2.15          | 255.255.255.0 | global | 02:bc:94:f1:bf:de |
[   10.376536] cloud-init[949]: ci-info: | enp0s3 | True | fe80::bc:94ff:fef1:bfde/64 |       .       |  link  | 02:bc:94:f1:bf:de |
[   10.380490] cloud-init[949]: ci-info: |   lo   | True |         127.0.0.1          |   255.0.0.0   |  host  |         .         |
[   10.384504] cloud-init[949]: ci-info: |   lo   | True |          ::1/128           |       .       |  host  |         .         |
[   10.385815] cloud-init[949]: ci-info: +--------+------+----------------------------+---------------+--------+-------------------+
[   10.388352] cloud-init[949]: ci-info: +++++++++++++++++++++++++++Route IPv4 info++++++++++++++++++++++++++++
[   10.389527] cloud-init[949]: ci-info: +-------+-------------+----------+---------------+-----------+-------+
[   10.390667] cloud-init[949]: ci-info: | Route | Destination | Gateway  |    Genmask    | Interface | Flags |
[   10.391778] cloud-init[949]: ci-info: +-------+-------------+----------+---------------+-----------+-------+
[   10.397908] cloud-init[949]: ci-info: |   0   |   0.0.0.0   | 10.0.2.2 |    0.0.0.0    |   enp0s3  |   UG  |
[   10.399366] cloud-init[949]: ci-info: |   1   |   10.0.2.0  | 0.0.0.0  | 255.255.255.0 |   enp0s3  |   U   |
[   10.409039] cloud-init[949]: ci-info: +-------+-------------+----------+---------------+-----------+-------+
[   10.416744] cloud-init[949]: ci-info: +++++++++++++++++++Route IPv6 info+++++++++++++++++++
[   10.424535] cloud-init[949]: ci-info: +-------+-------------+---------+-----------+-------+
[   10.432475] cloud-init[949]: ci-info: | Route | Destination | Gateway | Interface | Flags |
[   10.441294] [[0;32m  OK  [0m] Started Initial cloud-init job (metadata service crawler).
[[0;32m  OK  [0m] Reached target Network is Online.
cloud-init[949]: ci-info: +-------+-------------+---------+-----------+-------+
[   10.449039] cloud-init[949]: ci-info: |   0   |  fe80::/64  |    ::   |   enp0s3  |   U   |
[   10.456826]          Starting iSCSI initiator daemon (iscsid)...
[[0;32m  OK  [0m] Reached target System Initialization.
cloud-init[949]: ci-info: |   3   |   ff00::/8  |    ::   |   enp0s3  |   U   |
[   10.464352]          Starting LXD - unix socket.
cloud-init[949]: ci-info: +-------+-------------+---------+-----------+-------+
[   10.466004] [[0;32m  OK  [0m] Started Message of the Day.
cloud-init[949]: Generating public/private rsa key pair.
[[0;32m  OK  [0m] Started ACPI Events Check.
[[0;32m  OK  [0m] Reached target Paths.
[[0;32m  OK  [0m] Listening on ACPID Listen Socket.
[[0;32m  OK  [0m] Started Daily Cleanup of Temporary Directories.
[[0;32m  OK  [0m] Started Daily apt download activities.
[[0;32m  OK  [0m] Listening on UUID daemon activation socket.
[[0;32m  OK  [0m] Listening on D-Bus System Message Bus Socket.
         Starting Socket activation for snappy daemon.
[[0;32m  OK  [0m] Started Daily apt upgrade and clean activities.
[[0;32m  OK  [0m] Reached target Timers.
[[0;32m  OK  [0m] Reached target Cloud-config availability.
[[0;32m  OK  [0m] Listening on LXD - unix socket.
[   10.467780] cloud-init[949]: Your identification has been saved in /etc/ssh/ssh_host_rsa_key.
[   10.479832] cloud-init[949]: Your public key has been saved in /etc/ssh/ssh_host_rsa_key.pub.
[   10.482060] cloud-init[949]: The key fingerprint is:
[[0;32m  OK  [0m] Listening on Socket activation for snappy daemon.
[   10.484157] cloud-init[[0;32m  OK  [0m] Reached target Sockets.
[[0;32m  OK  [0m] Reached target Basic System.
[949]: SHA256:XWkPBV8hR+QnC6Z95fRibB6geYnqYdGtDlqiQnD0byg root@ubuntu-xenial
[   10.487371] cloud-init[949]: The key's randomart image is:
         Starting LSB: MD monitoring daemon...
         Starting /etc/rc.local Compatibility...
[   10.491028] cloud-init[949]: +---[RSA 2048]----+
[   10.493460] [[0;32m  OK  [0m] Started ACPI event daemon.
cloud-init[949]: |            .o+=o|
         Starting Virtualbox guest utils...
[   10.496283] cloud-init[949]: |  .          ++. |
[   10.501272] cloud-init[949]: | . .        O o.+|
[[0;32m  OK  [0m] Started Regular background program processing daemon.
         Starting LSB: Record successful boot for GRUB...
[[0;32m  OK  [0m] Started D-Bus System Message Bus.
[   10.508615] cloud-init[949]: |. . .    o @ B *o|
[   10.518921] cloud-init[949]: | o   o  S B = X o|
[   10.521006] cloud-init[949]: |  E . o  o o = o |
[   10.522868] cloud-init[949]: | . . .. * .   .  |
[   10.525217] cloud-init[949]: |  .  . * +       |
[   10.526601] cloud-init[949]: |   .. . . .      |
[   10.528064] cloud-init[949]: +----[SHA256]-----+
[   10.529109] cloud-init[949]: Generating public/private dsa key pair.
[   10.530157] cloud-init[949]: Your identification has been saved in /etc/ssh/ssh_host_dsa_key.
[   10.531629] cloud-init[949]: Your public key has been saved in /etc/ssh/ssh_host_dsa_key.pub.
[   10.533059] cloud-init[949]: The key fingerprint is:
[   10.534049] cloud-init[949]: SHA256:eob/ZOzSRjA0BroMgWo55i83p9tLVA+liO6o4Tfurig root@ubuntu-xenial
[   10.540657] cloud-init[949]: The key's randomart image is:
[   10.541818] cloud-init[949]: +---[DSA 1024]----+
[   10.542800] cloud-init[949]: | ..   .. .       |
[   10.543847] cloud-init[949]: |.  .... *        |
[   10.544992] cloud-init[949]: |. o... * .       |
[   10.546009] cloud-init[949]: |.=.o .. =        |
[   10.547150] cloud-init[949]: |+ ..o.  S+       |
[   10.548227] cloud-init[949]: | .o .  o ..      |
[   10.549308] cloud-init[949]: |.... .o oo+      |
[   10.550348] cloud-init[949]: |Eo *o. +.+o      |
[   10.551341] cloud-init[949]: |+oO**o. .+o      |
[   10.552378] cloud-init[949]: +----[SHA256]-----+
[   10.553391] cloud-init[949]: Generating public/private ecdsa key pair.
[   10.555330] cloud-init[949]: Your identification has been saved in /etc/ssh/ssh_host_ecdsa_key.
[   10.556523] cloud-init[949]: Your public key has been saved in /etc/ssh/ssh_host_ecdsa_key.pub.
[   10.557902] cloud-init[949]: The key fingerprint is:
[   10.559275] cloud-init[949]: SHA256:LvdN3tmc2Egs443/jzno8FyglpmYlNSlchcDWxxq9E0 root@ubuntu-xenial
[   10.560629] cloud-init[949]: The key's randomart image is:
[   10.561733] cloud-init[949]: +---[ECDSA 256]---+
[   10.562615] cloud-init[949]: |          oo*.E  |
[   10.563572] cloud-init[949]: |         o B.=   |
[   10.564611] cloud-init[949]: |        o B o .  |
[   10.565517] cloud-init[949]: |       . = .     |
[   10.566386] cloud-init[949]: |        S   .    |
[   10.567317] cloud-init[949]: |       o o =..   |
         Starting Accounts Service...
         Starting System Logging Service...
[   10.569440] cloud-init[949]: |      . = Bo.+.  |         Starting Pollinate to seed the pseudo random number generator...
         Starting LXD - container startup/shutdown...
[[0;32m  OK  [0m] Started FUSE filesystem for LXC.

[[0;32m  OK  [0m] Started Deferred execution scheduler.
         Starting Snappy daemon...
[   10.577415] cloud-init[949]:          Starting Login Service...
|       o o.BBo=*.|
[[0;32m  OK  [0m] Started iSCSI initiator daemon (iscsid).
[   10.582543] cloud-init[949]: |          .+B=*==|
[   10.585462] cloud-init[949]: +----[SHA256]-----+
[[0;32m  OK  [0m] Started /etc/rc.local Compatibility.
[   10.588846] cloud-init[949]: Generating public/private ed25519 key pair.
[   10.590876] cloud-init[949]: Your identification has been saved in /etc/ssh/ssh_host_ed25519_key.
         Starting Login to default iSCSI targets...
[[0;32m  OK  [0m] Started System Logging Service.
[[0;32m  OK  [0m] Started LSB: Record successful boot for GRUB.
[[0;32m  OK  [0m] Started LSB: MD monitoring daemon.
[   10.612423] [[0;32m  OK  [0m] Started Login Service.
[[0;32m  OK  [0m] Started Unattended Upgrades Shutdown.
cloud-init[949]: Your public key has been saved in /etc/ssh/ssh_host_ed25519_key.pub.
[   10.677172] cloud-init[949]: [[0;32m  OK  [0m] Started Login to default iSCSI targets.
[[0;32m  OK  [0m] Reached target Remote File Systems (Pre).
[[0;32m  OK  [0m] Reached target Remote File Systems.
         Starting Permit User Sessions...
         Starting LSB: automatic crash report generation...
         Starting LSB: Set the CPU Frequency Scaling governor to "ondemand"...
         Starting LSB: daemon to balance interrupts for SMP systems...
[[0;32m  OK  [0m] Started Permit User Sessions.
         Starting Hold until boot process finishes up...
         Starting Terminate Plymouth Boot Screen...
[[0;32m  OK  [0m] Started Hold until boot process finishes up.
[[0;32m  OK  [0m] Started Serial Getty on ttyS0.
         Starting Set console scheme...
[[0;32m  OK  [0m] Started Getty on tty1.
[[0;32m  OK  [0m] Reached target Login Prompts.
[[0;32m  OK  [0m] Started Terminate Plymouth Boot Screen.
[[0;32m  OK  [0m] Started Set console scheme.
The key fingerprint is:
[   10.751973] cloud-init[949]: SHA256:/FJ9DD3YT4nQXI/n2BABHED4+pQlwQavN/eThQixmXk root@ubuntu-xenial
[   10.757944] cloud-init[949]:          Starting Authenticate and Authorize Users to Run Privileged Tasks...
The key's randomart image is:
[   10.782757] cloud-init[949]: +--[ED25519 256]--+
[   10.786817] cloud-init[[0;32m  OK  [0m] Started LSB: Set the CPU Frequency Scaling governor to "ondemand".
[949]: |        .=++=o+o |
[   10.797620] cloud-init[949]: |        ..+*o*.oo|
[   10.803408] [[0;32m  OK  [0m] Started LSB: automatic crash report generation.
cloud-init[949]: |         oB.E.*.+|
[   10.811662] cloud-init[949]: |       . .o+.+ @ |
[   10.813499] cloud-init[949]: |        S.+++ = =|
[   10.822048] cloud-init[949]: |        .+oo o o |
[   10.823749] cloud-init[949]: |        .o.   +  |
[   10.825643] cloud-init[949]: |         ..    . |
[   10.828947] cloud-init[949]: |                 |
[   10.831428] cloud-init[949]: +----[SHA256]-----+[[0;32m  OK  [0m] Started Authenticate and Authorize Users to Run Privileged Tasks.

[[0;32m  OK  [0m] Started Accounts Service.
[[0;32m  OK  [0m] Started Virtualbox guest utils.
[[0;32m  OK  [0m] Started LXD - container startup/shutdown.
[[0;32m  OK  [0m] Started LSB: daemon to balance interrupts for SMP systems.
[[0;32m  OK  [0m] Started Snappy daemon.
         Starting Wait until snapd is fully seeded...
[[0;32m  OK  [0m] Started Pollinate to seed the pseudo random number generator.
         Starting OpenBSD Secure Shell server...
[[0;32m  OK  [0m] Started OpenBSD Secure Shell server.
[[0;32m  OK  [0m] Created slice User Slice of vagrant.
         Starting User Manager for UID 1000...
[[0;32m  OK  [0m] Started Wait until snapd is fully seeded.
[[0;32m  OK  [0m] Started Session 1 of user vagrant.
         Starting Apply the settings specified in cloud-config...
[[0;32m  OK  [0m] Reached target Multi-User System.
[[0;32m  OK  [0m] Reached target Graphical Interface.
         Starting Update UTMP about System Runlevel Changes...
[[0;32m  OK  [0m] Started Update UTMP about System Runlevel Changes.
[[0;32m  OK  [0m] Started User Manager for UID 1000.
[   12.406745] cloud-init[1320]: Generating locales (this might take a while)...
[   13.865215] cloud-init[1320]:   en_US.UTF-8... done
[   13.868222] cloud-init[1320]: Generation complete.
[   14.273049] cloud-init[1320]: Cloud-init v. 19.4-33-gbb4131a2-0ubuntu1~16.04.1 running 'modules:config' at Sun, 07 Jun 2020 14:53:56 +0000. Up 12.19 seconds.
[[0;32m  OK  [0m] Started Apply the settings specified in cloud-config.
         Starting Execute cloud user/final scripts...
ci-info: no authorized SSH keys fingerprints found for user ubuntu.
<14>Jun  7 14:53:59 ec2: 
<14>Jun  7 14:53:59 ec2: #############################################################
<14>Jun  7 14:53:59 ec2: -----BEGIN SSH HOST KEY FINGERPRINTS-----
<14>Jun  7 14:53:59 ec2: 1024 SHA256:eob/ZOzSRjA0BroMgWo55i83p9tLVA+liO6o4Tfurig root@ubuntu-xenial (DSA)
<14>Jun  7 14:53:59 ec2: 256 SHA256:LvdN3tmc2Egs443/jzno8FyglpmYlNSlchcDWxxq9E0 root@ubuntu-xenial (ECDSA)
<14>Jun  7 14:53:59 ec2: 256 SHA256:/FJ9DD3YT4nQXI/n2BABHED4+pQlwQavN/eThQixmXk root@ubuntu-xenial (ED25519)
<14>Jun  7 14:53:59 ec2: 2048 SHA256:XWkPBV8hR+QnC6Z95fRibB6geYnqYdGtDlqiQnD0byg root@ubuntu-xenial (RSA)
<14>Jun  7 14:53:59 ec2: -----END SSH HOST KEY FINGERPRINTS-----
<14>Jun  7 14:53:59 ec2: #############################################################
-----BEGIN SSH HOST KEY KEYS-----
ecdsa-sha2-nistp256 AAAAE2VjZHNhLXNoYTItbmlzdHAyNTYAAAAIbmlzdHAyNTYAAABBBOBHY/m9oaacSmzGUmbJ4zDRDxk7ljEcDJxvsvhg53HSup1BpHx2iD0U3lxAnUpoz2916qc8wLRxN8JFwn94rOY= root@ubuntu-xenial
ssh-ed25519 AAAAC3NzaC1lZDI1NTE5AAAAICJpDnZDoRzau20OPQ7O1CQcj3u0LYeCiK8WRTvMFUlK root@ubuntu-xenial
ssh-rsa AAAAB3NzaC1yc2EAAAADAQABAAABAQDQG8Scr2U2Iup+AXFL11rlZDRiIuySLcKqWWZmW/L25r1AfiNpFO0IFFt50UtyLmtTi9NCzi7O2CQHD0KSjpBu/wu6nLgzLBWXIw4fPBvt/XRtgKVEjGn293ksobyZqMUOZS08/zbgLEAh/wV6mDvqi5E2Bia5Kd/BCP3K5asGouTrbOiAi5ZDJMCr7zJYeVAeBn+vetshkSnGg9bImufdRntzCY4kla23YSnkl89dji8yt2B25EgR8KJTqJYItuAHZdRiU0wWAvg6qG4NjUObWadOCGdhMFf0jnWTFugTTJg421FbHjTlnLb1WtnH4FKmsxI/p3NOpvXhVO/SQ8wl root@ubuntu-xenial
-----END SSH HOST KEY KEYS-----
[   15.221076] cloud-init[1526]: Cloud-init v. 19.4-33-gbb4131a2-0ubuntu1~16.04.1 running 'modules:final' at Sun, 07 Jun 2020 14:53:59 +0000. Up 14.92 seconds.
[   15.223896] cloud-init[1526]: ci-info: no authorized SSH keys fingerprints found for user ubuntu.
[   15.226119] cloud-init[1526]: Cloud-init v. 19.4-33-gbb4131a2-0ubuntu1~16.04.1 finished at Sun, 07 Jun 2020 14:53:59 +0000. Datasource DataSourceNoCloud [seed=/dev/sdb][dsmode=net].  Up 15.20 seconds
[[0;32m  OK  [0m] Started Execute cloud user/final scripts.
[[0;32m  OK  [0m] Reached target Cloud-init target.

Ubuntu 16.04.6 LTS ubuntu-xenial ttyS0

ubuntu-xenial login: 